Build started 2013-10-16 14:22:24.
     1>Project "D:\WorkStation\Research\GitHub\SensorPlatformSDK\Library\Sensors\SerialPort\SerialPort.vcxproj" on node 2 (rebuild target(s)).
     1>_PrepareForClean:
         Deleting file "x64\Debug\SerialPort.lastbuildstate".
       InitializeBuildStatus:
         Creating "x64\Debug\SerialPort.unsuccessfulbuild" because "AlwaysCreate" was specified.
       CustomBuild:
         Moc'ing qextserialenumerator.h...
       ClCompile:
         D:\Program Files (x86)\Microsoft Visual Studio 10.0\VC\bin\x86_amd64\CL.exe /c /I.\GeneratedFiles /I. /I"D:\SDK\Qt\qt-4.8.5\include" /I.\GeneratedFiles\Debug /I"D:\SDK\Qt\qt-4.8.5\include\QtCore" /I"D:\SDK\Qt\qt-4.8.5\include\QtGui" /Zi /nologo /W1 /WX- /Od /D UNICODE /D WIN32 /D QT_DLL /D QT_CORE_LIB /D QT_GUI_LIB /D SERIALPORT_LIB /Gm- /EHsc /MDd /GS /fp:precise /Zc:wchar_t- /Zc:forScope /Fo"x64\Debug\\" /Fd"x64\Debug\vc100.pdb" /Gd /TP /errorReport:prompt GeneratedFiles\Debug\moc_qextserialenumerator.cpp qextserialenumerator_win.cpp qextserialport_win.cpp
         moc_qextserialenumerator.cpp
         qextserialenumerator_win.cpp
         qextserialport_win.cpp
         Generating Code...
       Lib:
         D:\Program Files (x86)\Microsoft Visual Studio 10.0\VC\bin\x86_amd64\Lib.exe /OUT:"D:\WorkStation\Research\GitHub\SensorPlatformSDK\Library\Sensors\x64\Debug\\SerialPort.lib" /LIBPATH:"D:\SDK\Qt\qt-4.8.5\lib" /NOLOGO x64\Debug\moc_qextserialenumerator.obj
         x64\Debug\qextserialenumerator_win.obj
         x64\Debug\qextserialport_win.obj
         SerialPort.vcxproj -> D:\WorkStation\Research\GitHub\SensorPlatformSDK\Library\Sensors\x64\Debug\SerialPort.lib
       FinalizeBuildStatus:
         Deleting file "x64\Debug\SerialPort.unsuccessfulbuild".
         Touching "x64\Debug\SerialPort.lastbuildstate".
     1>Done Building Project "D:\WorkStation\Research\GitHub\SensorPlatformSDK\Library\Sensors\SerialPort\SerialPort.vcxproj" (rebuild target(s)).

Build succeeded.

Time Elapsed 00:00:02.68
