C:\PossDemo\GitHub\HMW-Alexander\SensorPlatformSDK\Core\Sensor\x64\Debug\cl.command.1.tlog
C:\PossDemo\GitHub\HMW-Alexander\SensorPlatformSDK\Core\Sensor\x64\Debug\CL.read.1.tlog
C:\PossDemo\GitHub\HMW-Alexander\SensorPlatformSDK\Core\Sensor\x64\Debug\CL.write.1.tlog
C:\PossDemo\GitHub\HMW-Alexander\SensorPlatformSDK\Core\Sensor\x64\Debug\custombuild.command.1.tlog
C:\PossDemo\GitHub\HMW-Alexander\SensorPlatformSDK\Core\Sensor\x64\Debug\custombuild.read.1.tlog
C:\PossDemo\GitHub\HMW-Alexander\SensorPlatformSDK\Core\Sensor\x64\Debug\custombuild.write.1.tlog
C:\PossDemo\GitHub\HMW-Alexander\SensorPlatformSDK\Core\Sensor\x64\Debug\lib.command.1.tlog
C:\PossDemo\GitHub\HMW-Alexander\SensorPlatformSDK\Core\Sensor\x64\Debug\Lib-link.read.1.tlog
C:\PossDemo\GitHub\HMW-Alexander\SensorPlatformSDK\Core\Sensor\x64\Debug\Lib-link.write.1.tlog
C:\PossDemo\GitHub\HMW-Alexander\SensorPlatformSDK\Core\Sensor\x64\Debug\moc_sensor.obj
C:\PossDemo\GitHub\HMW-Alexander\SensorPlatformSDK\Core\Sensor\x64\Debug\moc_sensorwidget.obj
C:\PossDemo\GitHub\HMW-Alexander\SensorPlatformSDK\Core\Sensor\x64\Debug\sensor.obj
C:\PossDemo\GitHub\HMW-Alexander\SensorPlatformSDK\Core\Sensor\x64\Debug\Sensor.write.1.tlog
C:\PossDemo\GitHub\HMW-Alexander\SensorPlatformSDK\Core\Sensor\x64\Debug\sensorwidget.obj
C:\PossDemo\GitHub\HMW-Alexander\SensorPlatformSDK\Core\Sensor\x64\Debug\vc100.pdb
C:\PossDemo\GitHub\HMW-Alexander\SensorPlatformSDK\Core\x64\Debug\Sensor.lib
D:\WORKSTATION\RESEARCH\GITHUB\SENSORPLATFORMSDK\CORE\SENSOR\GENERATEDFILES\DEBUG\MOC_SENSOR.CPP
D:\WORKSTATION\RESEARCH\GITHUB\SENSORPLATFORMSDK\CORE\SENSOR\GENERATEDFILES\DEBUG\MOC_SENSORWIDGET.CPP
D:\WORKSTATION\RESEARCH\GITHUB\SENSORPLATFORMSDK\CORE\SENSOR\X64\DEBUG\MOC_SENSOR.OBJ
D:\WORKSTATION\RESEARCH\GITHUB\SENSORPLATFORMSDK\CORE\SENSOR\X64\DEBUG\MOC_SENSORWIDGET.OBJ
D:\WORKSTATION\RESEARCH\GITHUB\SENSORPLATFORMSDK\CORE\SENSOR\X64\DEBUG\SENSOR.OBJ
D:\WORKSTATION\RESEARCH\GITHUB\SENSORPLATFORMSDK\CORE\SENSOR\X64\DEBUG\SENSORWIDGET.OBJ
D:\WORKSTATION\RESEARCH\GITHUB\SENSORPLATFORMSDK\CORE\SENSOR\X64\DEBUG\VC100.PDB
D:\WORKSTATION\RESEARCH\GITHUB\SENSORPLATFORMSDK\CORE\X64\DEBUG\SENSOR.LIB
