Build started 2013-10-15 22:36:54.
     1>Project "D:\WorkStation\Research\GitHub\SensorPlatformSDK\Core\Sensor\Sensor.vcxproj" on node 4 (rebuild target(s)).
     1>_PrepareForClean:
         Deleting file "x64\Debug\Sensor.lastbuildstate".
       InitializeBuildStatus:
         Creating "x64\Debug\Sensor.unsuccessfulbuild" because "AlwaysCreate" was specified.
       CustomBuild:
         Moc'ing sensor.h...
         Moc'ing sensorwidget.h...
       ClCompile:
         D:\Program Files (x86)\Microsoft Visual Studio 10.0\VC\bin\x86_amd64\CL.exe /c /I.\GeneratedFiles /I. /I"D:\SDK\Qt\qt-4.8.5\include" /I.\GeneratedFiles\Debug /I"D:\SDK\Qt\qt-4.8.5\include\QtCore" /I"D:\SDK\Qt\qt-4.8.5\include\QtGui" /Zi /nologo /W1 /WX- /Od /D UNICODE /D WIN32 /D QT_DLL /D SENSOR_LIB /D QT_CORE_LIB /D QT_GUI_LIB /Gm- /EHsc /MDd /GS /fp:precise /Zc:wchar_t- /Zc:forScope /Fo"x64\Debug\\" /Fd"x64\Debug\vc100.pdb" /Gd /TP /errorReport:prompt GeneratedFiles\Debug\moc_sensor.cpp GeneratedFiles\Debug\moc_sensorwidget.cpp sensor.cpp sensorwidget.cpp
         moc_sensor.cpp
         moc_sensorwidget.cpp
         sensor.cpp
         sensorwidget.cpp
         Generating Code...
       Lib:
         D:\Program Files (x86)\Microsoft Visual Studio 10.0\VC\bin\x86_amd64\Lib.exe /OUT:"D:\WorkStation\Research\GitHub\SensorPlatformSDK\Core\x64\Debug\\Sensor.lib" /LIBPATH:"D:\SDK\Qt\qt-4.8.5\lib" /NOLOGO x64\Debug\moc_sensor.obj
         x64\Debug\moc_sensorwidget.obj
         x64\Debug\sensor.obj
         x64\Debug\sensorwidget.obj
         Sensor.vcxproj -> D:\WorkStation\Research\GitHub\SensorPlatformSDK\Core\x64\Debug\Sensor.lib
       FinalizeBuildStatus:
         Deleting file "x64\Debug\Sensor.unsuccessfulbuild".
         Touching "x64\Debug\Sensor.lastbuildstate".
     1>Done Building Project "D:\WorkStation\Research\GitHub\SensorPlatformSDK\Core\Sensor\Sensor.vcxproj" (rebuild target(s)).

Build succeeded.

Time Elapsed 00:00:03.16
