Build started 2013-10-16 22:04:15.
     1>Project "D:\WorkStation\Research\GitHub\SensorPlatformSDK\Core\Communicator\Communicator.vcxproj" on node 3 (rebuild target(s)).
     1>_PrepareForClean:
         Deleting file "x64\Debug\Communicator.lastbuildstate".
       InitializeBuildStatus:
         Creating "x64\Debug\Communicator.unsuccessfulbuild" because "AlwaysCreate" was specified.
       CustomBuild:
         Moc'ing communicator.h...
         Moc'ing communicatorwidget.h...
       ClCompile:
         D:\Program Files (x86)\Microsoft Visual Studio 10.0\VC\bin\x86_amd64\CL.exe /c /I.\GeneratedFiles /I. /I"D:\SDK\Qt\qt-4.8.5\include" /I.\GeneratedFiles\Debug /I"D:\SDK\Qt\qt-4.8.5\include\QtCore" /I"D:\SDK\Qt\qt-4.8.5\include\QtGui" /Zi /nologo /W1 /WX- /Od /D UNICODE /D WIN32 /D QT_DLL /D QT_CORE_LIB /D QT_GUI_LIB /D COMMUNICATOR_LIB /Gm- /EHsc /MDd /GS /fp:precise /Zc:wchar_t- /Zc:forScope /Fo"x64\Debug\\" /Fd"x64\Debug\vc100.pdb" /Gd /TP /errorReport:prompt communicator.cpp communicatorwidget.cpp GeneratedFiles\Debug\moc_communicator.cpp GeneratedFiles\Debug\moc_communicatorwidget.cpp
         communicator.cpp
         communicatorwidget.cpp
         moc_communicator.cpp
         moc_communicatorwidget.cpp
         Generating Code...
       Lib:
         D:\Program Files (x86)\Microsoft Visual Studio 10.0\VC\bin\x86_amd64\Lib.exe /OUT:"D:\WorkStation\Research\GitHub\SensorPlatformSDK\Core\x64\Debug\\Communicator.lib" /LIBPATH:"D:\SDK\Qt\qt-4.8.5\lib" /NOLOGO x64\Debug\communicator.obj
         x64\Debug\communicatorwidget.obj
         x64\Debug\moc_communicator.obj
         x64\Debug\moc_communicatorwidget.obj
         Communicator.vcxproj -> D:\WorkStation\Research\GitHub\SensorPlatformSDK\Core\x64\Debug\Communicator.lib
       FinalizeBuildStatus:
         Deleting file "x64\Debug\Communicator.unsuccessfulbuild".
         Touching "x64\Debug\Communicator.lastbuildstate".
     1>Done Building Project "D:\WorkStation\Research\GitHub\SensorPlatformSDK\Core\Communicator\Communicator.vcxproj" (rebuild target(s)).

Build succeeded.

Time Elapsed 00:00:03.08
