C:\PossDemo\GitHub\HMW-Alexander\SensorPlatformSDK\Core\Communicator\x64\Debug\cl.command.1.tlog
C:\PossDemo\GitHub\HMW-Alexander\SensorPlatformSDK\Core\Communicator\x64\Debug\CL.read.1.tlog
C:\PossDemo\GitHub\HMW-Alexander\SensorPlatformSDK\Core\Communicator\x64\Debug\CL.write.1.tlog
C:\PossDemo\GitHub\HMW-Alexander\SensorPlatformSDK\Core\Communicator\x64\Debug\communicator.obj
C:\PossDemo\GitHub\HMW-Alexander\SensorPlatformSDK\Core\Communicator\x64\Debug\Communicator.write.1.tlog
C:\PossDemo\GitHub\HMW-Alexander\SensorPlatformSDK\Core\Communicator\x64\Debug\communicatorwidget.obj
C:\PossDemo\GitHub\HMW-Alexander\SensorPlatformSDK\Core\Communicator\x64\Debug\custombuild.command.1.tlog
C:\PossDemo\GitHub\HMW-Alexander\SensorPlatformSDK\Core\Communicator\x64\Debug\custombuild.read.1.tlog
C:\PossDemo\GitHub\HMW-Alexander\SensorPlatformSDK\Core\Communicator\x64\Debug\custombuild.write.1.tlog
C:\PossDemo\GitHub\HMW-Alexander\SensorPlatformSDK\Core\Communicator\x64\Debug\lib.command.1.tlog
C:\PossDemo\GitHub\HMW-Alexander\SensorPlatformSDK\Core\Communicator\x64\Debug\Lib-link.read.1.tlog
C:\PossDemo\GitHub\HMW-Alexander\SensorPlatformSDK\Core\Communicator\x64\Debug\Lib-link.write.1.tlog
C:\PossDemo\GitHub\HMW-Alexander\SensorPlatformSDK\Core\Communicator\x64\Debug\moc_communicator.obj
C:\PossDemo\GitHub\HMW-Alexander\SensorPlatformSDK\Core\Communicator\x64\Debug\moc_communicatorwidget.obj
C:\PossDemo\GitHub\HMW-Alexander\SensorPlatformSDK\Core\Communicator\x64\Debug\vc100.pdb
C:\PossDemo\GitHub\HMW-Alexander\SensorPlatformSDK\Core\x64\Debug\Communicator.lib
D:\WORKSTATION\RESEARCH\GITHUB\SENSORPLATFORMSDK\CORE\COMMUNICATOR\GENERATEDFILES\DEBUG\MOC_COMMUNICATOR.CPP
D:\WORKSTATION\RESEARCH\GITHUB\SENSORPLATFORMSDK\CORE\COMMUNICATOR\GENERATEDFILES\DEBUG\MOC_COMMUNICATORWIDGET.CPP
D:\WORKSTATION\RESEARCH\GITHUB\SENSORPLATFORMSDK\CORE\COMMUNICATOR\X64\DEBUG\COMMUNICATOR.OBJ
D:\WORKSTATION\RESEARCH\GITHUB\SENSORPLATFORMSDK\CORE\COMMUNICATOR\X64\DEBUG\COMMUNICATORWIDGET.OBJ
D:\WORKSTATION\RESEARCH\GITHUB\SENSORPLATFORMSDK\CORE\COMMUNICATOR\X64\DEBUG\MOC_COMMUNICATOR.OBJ
D:\WORKSTATION\RESEARCH\GITHUB\SENSORPLATFORMSDK\CORE\COMMUNICATOR\X64\DEBUG\MOC_COMMUNICATORWIDGET.OBJ
D:\WORKSTATION\RESEARCH\GITHUB\SENSORPLATFORMSDK\CORE\COMMUNICATOR\X64\DEBUG\VC100.PDB
D:\WORKSTATION\RESEARCH\GITHUB\SENSORPLATFORMSDK\CORE\X64\DEBUG\COMMUNICATOR.LIB
