D:\WORKSTATION\RESEARCH\GITHUB\SENSORPLATFORMSDK\LIBRARY\SENSORS\X64\DEBUG\XWGPS.DLL
D:\WorkStation\Research\GitHub\SensorPlatformSDK\Library\Sensors\x64\Debug\XWGPS.exp
D:\WORKSTATION\RESEARCH\GITHUB\SENSORPLATFORMSDK\LIBRARY\SENSORS\X64\DEBUG\XWGPS.ILK
D:\WorkStation\Research\GitHub\SensorPlatformSDK\Library\Sensors\x64\Debug\XWGPS.lib
D:\WORKSTATION\RESEARCH\GITHUB\SENSORPLATFORMSDK\LIBRARY\SENSORS\X64\DEBUG\XWGPS.PDB
D:\WorkStation\Research\GitHub\SensorPlatformSDK\Library\Sensors\XWGPS\x64\Debug\cl.command.1.tlog
D:\WorkStation\Research\GitHub\SensorPlatformSDK\Library\Sensors\XWGPS\x64\Debug\CL.read.1.tlog
D:\WorkStation\Research\GitHub\SensorPlatformSDK\Library\Sensors\XWGPS\x64\Debug\CL.write.1.tlog
D:\WORKSTATION\RESEARCH\GITHUB\SENSORPLATFORMSDK\LIBRARY\SENSORS\XWGPS\X64\DEBUG\DATATRANSFER.OBJ
D:\WorkStation\Research\GitHub\SensorPlatformSDK\Library\Sensors\XWGPS\x64\Debug\link.command.1.tlog
D:\WorkStation\Research\GitHub\SensorPlatformSDK\Library\Sensors\XWGPS\x64\Debug\link.read.1.tlog
D:\WorkStation\Research\GitHub\SensorPlatformSDK\Library\Sensors\XWGPS\x64\Debug\link.write.1.tlog
D:\WorkStation\Research\GitHub\SensorPlatformSDK\Library\Sensors\XWGPS\x64\Debug\mt.command.1.tlog
D:\WorkStation\Research\GitHub\SensorPlatformSDK\Library\Sensors\XWGPS\x64\Debug\mt.read.1.tlog
D:\WorkStation\Research\GitHub\SensorPlatformSDK\Library\Sensors\XWGPS\x64\Debug\mt.write.1.tlog
D:\WORKSTATION\RESEARCH\GITHUB\SENSORPLATFORMSDK\LIBRARY\SENSORS\XWGPS\X64\DEBUG\VC100.PDB
D:\WORKSTATION\RESEARCH\GITHUB\SENSORPLATFORMSDK\LIBRARY\SENSORS\XWGPS\X64\DEBUG\XWGPS.DLL.INTERMEDIATE.MANIFEST
D:\WORKSTATION\RESEARCH\GITHUB\SENSORPLATFORMSDK\LIBRARY\SENSORS\XWGPS\X64\DEBUG\XWGPS.OBJ
D:\WorkStation\Research\GitHub\SensorPlatformSDK\Library\Sensors\XWGPS\x64\Debug\XWGPS.write.1.tlog
D:\WORKSTATION\RESEARCH\GITHUB\SENSORPLATFORMSDK\LIBRARY\SENSORS\XWGPS\X64\DEBUG\XWGPS_COMMUNICATOR.OBJ
D:\WORKSTATION\RESEARCH\GITHUB\SENSORPLATFORMSDK\LIBRARY\SENSORS\XWGPS\X64\DEBUG\XWGPS_COMMUNICATORWIDGET.OBJ
D:\WORKSTATION\RESEARCH\GITHUB\SENSORPLATFORMSDK\LIBRARY\SENSORS\XWGPS\X64\DEBUG\XWGPS_STORAGE.OBJ
D:\WORKSTATION\RESEARCH\GITHUB\SENSORPLATFORMSDK\LIBRARY\SENSORS\XWGPS\X64\DEBUG\XWGPS_STORAGEWIDGET.OBJ
