C:\POSSDEMO\GITHUB\HMW-ALEXANDER\SENSORPLATFORMSDK\LIBRARY\SENSORS\URGLIB\X64\DEBUG\URG_CONNECTION.OBJ
C:\POSSDEMO\GITHUB\HMW-ALEXANDER\SENSORPLATFORMSDK\LIBRARY\SENSORS\URGLIB\X64\DEBUG\URG_DEBUG.OBJ
C:\POSSDEMO\GITHUB\HMW-ALEXANDER\SENSORPLATFORMSDK\LIBRARY\SENSORS\URGLIB\X64\DEBUG\URG_RING_BUFFER.OBJ
C:\POSSDEMO\GITHUB\HMW-ALEXANDER\SENSORPLATFORMSDK\LIBRARY\SENSORS\URGLIB\X64\DEBUG\URG_SENSOR.OBJ
C:\POSSDEMO\GITHUB\HMW-ALEXANDER\SENSORPLATFORMSDK\LIBRARY\SENSORS\URGLIB\X64\DEBUG\URG_SERIAL.OBJ
C:\POSSDEMO\GITHUB\HMW-ALEXANDER\SENSORPLATFORMSDK\LIBRARY\SENSORS\URGLIB\X64\DEBUG\URG_SERIAL_UTILS.OBJ
C:\POSSDEMO\GITHUB\HMW-ALEXANDER\SENSORPLATFORMSDK\LIBRARY\SENSORS\URGLIB\X64\DEBUG\URG_TCPCLIENT.OBJ
C:\POSSDEMO\GITHUB\HMW-ALEXANDER\SENSORPLATFORMSDK\LIBRARY\SENSORS\URGLIB\X64\DEBUG\URG_UTILS.OBJ
C:\POSSDEMO\GITHUB\HMW-ALEXANDER\SENSORPLATFORMSDK\LIBRARY\SENSORS\URGLIB\X64\DEBUG\VC100.PDB
C:\POSSDEMO\GITHUB\HMW-ALEXANDER\SENSORPLATFORMSDK\LIBRARY\SENSORS\X64\DEBUG\URGLIB.LIB
D:\WorkStation\Research\GitHub\SensorPlatformSDK\Library\Sensors\urglib\x64\Debug\cl.command.1.tlog
D:\WorkStation\Research\GitHub\SensorPlatformSDK\Library\Sensors\urglib\x64\Debug\CL.read.1.tlog
D:\WorkStation\Research\GitHub\SensorPlatformSDK\Library\Sensors\urglib\x64\Debug\CL.write.1.tlog
D:\WorkStation\Research\GitHub\SensorPlatformSDK\Library\Sensors\urglib\x64\Debug\lib.command.1.tlog
D:\WorkStation\Research\GitHub\SensorPlatformSDK\Library\Sensors\urglib\x64\Debug\Lib-link.read.1.tlog
D:\WorkStation\Research\GitHub\SensorPlatformSDK\Library\Sensors\urglib\x64\Debug\Lib-link.write.1.tlog
D:\WorkStation\Research\GitHub\SensorPlatformSDK\Library\Sensors\urglib\x64\Debug\urg_connection.obj
D:\WorkStation\Research\GitHub\SensorPlatformSDK\Library\Sensors\urglib\x64\Debug\urg_debug.obj
D:\WorkStation\Research\GitHub\SensorPlatformSDK\Library\Sensors\urglib\x64\Debug\urg_ring_buffer.obj
D:\WorkStation\Research\GitHub\SensorPlatformSDK\Library\Sensors\urglib\x64\Debug\urg_sensor.obj
D:\WorkStation\Research\GitHub\SensorPlatformSDK\Library\Sensors\urglib\x64\Debug\urg_serial.obj
D:\WorkStation\Research\GitHub\SensorPlatformSDK\Library\Sensors\urglib\x64\Debug\urg_serial_utils.obj
D:\WorkStation\Research\GitHub\SensorPlatformSDK\Library\Sensors\urglib\x64\Debug\urg_tcpclient.obj
D:\WorkStation\Research\GitHub\SensorPlatformSDK\Library\Sensors\urglib\x64\Debug\urg_utils.obj
D:\WorkStation\Research\GitHub\SensorPlatformSDK\Library\Sensors\urglib\x64\Debug\vc100.idb
D:\WorkStation\Research\GitHub\SensorPlatformSDK\Library\Sensors\urglib\x64\Debug\vc100.pdb
D:\WorkStation\Research\GitHub\SensorPlatformSDK\Library\Sensors\x64\Debug\urglib.lib
