Build started 2013-12-20 20:07:35.
     1>Project "C:\POSS_Demo\GitHub\HMW-Alexander\SensorPlatformSDK\Library\Sensors\urglib\urglib.vcxproj" on node 4 (rebuild target(s)).
     1>_PrepareForClean:
         Deleting file "x64\Debug\urglib.lastbuildstate".
       InitializeBuildStatus:
         Creating "x64\Debug\urglib.unsuccessfulbuild" because "AlwaysCreate" was specified.
       ClCompile:
         C:\Program Files (x86)\Microsoft Visual Studio 10.0\VC\bin\x86_amd64\CL.exe /c /Zi /nologo /W3 /WX- /Od /D WIN32 /D _DEBUG /D _LIB /D _UNICODE /D UNICODE /Gm /EHsc /RTC1 /MDd /GS /fp:precise /Zc:wchar_t /Zc:forScope /Fo"x64\Debug\\" /Fd"x64\Debug\vc100.pdb" /Gd /TC /errorReport:prompt urg_connection.c urg_debug.c urg_ring_buffer.c urg_sensor.c urg_serial.c urg_serial_utils.c urg_tcpclient.c urg_utils.c
         urg_utils.c
         urg_tcpclient.c
         urg_serial_utils.c
     1>c:\poss_demo\github\hmw-alexander\sensorplatformsdk\library\sensors\urglib\urg_serial_utils_windows.c(51): warning C4996: 'strncpy': This function or variable may be unsafe. Consider using strncpy_s instead. To disable deprecation, use _CRT_SECURE_NO_WARNINGS. See online help for details.
                 C:\Program Files (x86)\Microsoft Visual Studio 10.0\VC\include\string.h(188) : see declaration of 'strncpy'
     1>c:\poss_demo\github\hmw-alexander\sensorplatformsdk\library\sensors\urglib\urg_serial_utils_windows.c(52): warning C4996: 'strncpy': This function or variable may be unsafe. Consider using strncpy_s instead. To disable deprecation, use _CRT_SECURE_NO_WARNINGS. See online help for details.
                 C:\Program Files (x86)\Microsoft Visual Studio 10.0\VC\include\string.h(188) : see declaration of 'strncpy'
     1>c:\poss_demo\github\hmw-alexander\sensorplatformsdk\library\sensors\urglib\urg_serial_utils_windows.c(53): warning C4996: 'strncpy': This function or variable may be unsafe. Consider using strncpy_s instead. To disable deprecation, use _CRT_SECURE_NO_WARNINGS. See online help for details.
                 C:\Program Files (x86)\Microsoft Visual Studio 10.0\VC\include\string.h(188) : see declaration of 'strncpy'
     1>c:\poss_demo\github\hmw-alexander\sensorplatformsdk\library\sensors\urglib\urg_serial_utils_windows.c(134): warning C4996: '_snprintf': This function or variable may be unsafe. Consider using _snprintf_s instead. To disable deprecation, use _CRT_SECURE_NO_WARNINGS. See online help for details.
                 C:\Program Files (x86)\Microsoft Visual Studio 10.0\VC\include\stdio.h(363) : see declaration of '_snprintf'
         urg_serial.c
     1>c:\poss_demo\github\hmw-alexander\sensorplatformsdk\library\sensors\urglib\urg_serial_windows.c(49): warning C4996: '_snprintf': This function or variable may be unsafe. Consider using _snprintf_s instead. To disable deprecation, use _CRT_SECURE_NO_WARNINGS. See online help for details.
                 C:\Program Files (x86)\Microsoft Visual Studio 10.0\VC\include\stdio.h(363) : see declaration of '_snprintf'
         urg_sensor.c
     1>urg_sensor.c(190): warning C4996: '_snprintf': This function or variable may be unsafe. Consider using _snprintf_s instead. To disable deprecation, use _CRT_SECURE_NO_WARNINGS. See online help for details.
                 C:\Program Files (x86)\Microsoft Visual Studio 10.0\VC\include\stdio.h(363) : see declaration of '_snprintf'
     1>urg_sensor.c(853): warning C4996: '_snprintf': This function or variable may be unsafe. Consider using _snprintf_s instead. To disable deprecation, use _CRT_SECURE_NO_WARNINGS. See online help for details.
                 C:\Program Files (x86)\Microsoft Visual Studio 10.0\VC\include\stdio.h(363) : see declaration of '_snprintf'
     1>urg_sensor.c(860): warning C4996: '_snprintf': This function or variable may be unsafe. Consider using _snprintf_s instead. To disable deprecation, use _CRT_SECURE_NO_WARNINGS. See online help for details.
                 C:\Program Files (x86)\Microsoft Visual Studio 10.0\VC\include\stdio.h(363) : see declaration of '_snprintf'
         urg_ring_buffer.c
         urg_debug.c
         urg_connection.c
         Generating Code...
       Lib:
         C:\Program Files (x86)\Microsoft Visual Studio 10.0\VC\bin\x86_amd64\Lib.exe /OUT:"C:\POSS_Demo\GitHub\HMW-Alexander\SensorPlatformSDK\Library\Sensors\x64\Debug\urglib.lib" /NOLOGO x64\Debug\urg_connection.obj
         x64\Debug\urg_debug.obj
         x64\Debug\urg_ring_buffer.obj
         x64\Debug\urg_sensor.obj
         x64\Debug\urg_serial.obj
         x64\Debug\urg_serial_utils.obj
         x64\Debug\urg_tcpclient.obj
         x64\Debug\urg_utils.obj
         urglib.vcxproj -> C:\POSS_Demo\GitHub\HMW-Alexander\SensorPlatformSDK\Library\Sensors\x64\Debug\urglib.lib
       FinalizeBuildStatus:
         Deleting file "x64\Debug\urglib.unsuccessfulbuild".
         Touching "x64\Debug\urglib.lastbuildstate".
     1>Done Building Project "C:\POSS_Demo\GitHub\HMW-Alexander\SensorPlatformSDK\Library\Sensors\urglib\urglib.vcxproj" (rebuild target(s)).

Build succeeded.

Time Elapsed 00:00:04.89
