Build started 2014/1/7 21:11:38.
     1>Project "C:\PossDemo\GitHub\HMW-Alexander\SensorPlatformSDK\Core\Fusion\Fusion.vcxproj" on node 4 (rebuild target(s)).
     1>_PrepareForClean:
         Deleting file "x64\Debug\Fusion.lastbuildstate".
       InitializeBuildStatus:
         Creating "x64\Debug\Fusion.unsuccessfulbuild" because "AlwaysCreate" was specified.
       CustomBuild:
         Moc'ing fusion.h...
         Moc'ing fusionwidget.h...
       ClCompile:
         C:\Program Files (x86)\Microsoft Visual Studio 10.0\VC\bin\x86_amd64\CL.exe /c /I.\GeneratedFiles /I. /I"C:\SDK\Qt\qt-4.8.5\include" /I.\GeneratedFiles\Debug /I"C:\SDK\Qt\qt-4.8.5\include\QtGui" /I"C:\SDK\Qt\qt-4.8.5\include\QtCore" /Zi /nologo /W1 /WX- /Od /D UNICODE /D WIN32 /D QT_DLL /D QT_GUI_LIB /D FUSION_LIB /D QT_CORE_LIB /Gm- /EHsc /MDd /GS /fp:precise /Zc:wchar_t- /Zc:forScope /Fo"x64\Debug\\" /Fd"x64\Debug\vc100.pdb" /Gd /TP /errorReport:prompt fusion.cpp fusionwidget.cpp GeneratedFiles\Debug\moc_fusion.cpp GeneratedFiles\Debug\moc_fusionwidget.cpp
         fusion.cpp
         fusionwidget.cpp
         moc_fusion.cpp
         moc_fusionwidget.cpp
         Generating Code...
       Lib:
         C:\Program Files (x86)\Microsoft Visual Studio 10.0\VC\bin\x86_amd64\Lib.exe /OUT:"C:\PossDemo\GitHub\HMW-Alexander\SensorPlatformSDK\Core\x64\Debug\\Fusion.lib" /LIBPATH:"C:\SDK\Qt\qt-4.8.5\lib" /NOLOGO x64\Debug\fusion.obj
         x64\Debug\fusionwidget.obj
         x64\Debug\moc_fusion.obj
         x64\Debug\moc_fusionwidget.obj
         Fusion.vcxproj -> C:\PossDemo\GitHub\HMW-Alexander\SensorPlatformSDK\Core\x64\Debug\Fusion.lib
       FinalizeBuildStatus:
         Deleting file "x64\Debug\Fusion.unsuccessfulbuild".
         Touching "x64\Debug\Fusion.lastbuildstate".
     1>Done Building Project "C:\PossDemo\GitHub\HMW-Alexander\SensorPlatformSDK\Core\Fusion\Fusion.vcxproj" (rebuild target(s)).

Build succeeded.

Time Elapsed 00:00:03.99
