D:\WorkStation\Research\GitHub\SensorPlatformSDK\Library\Sensors\URG\x64\Debug\cl.command.1.tlog
D:\WorkStation\Research\GitHub\SensorPlatformSDK\Library\Sensors\URG\x64\Debug\CL.read.1.tlog
D:\WorkStation\Research\GitHub\SensorPlatformSDK\Library\Sensors\URG\x64\Debug\CL.write.1.tlog
D:\WorkStation\Research\GitHub\SensorPlatformSDK\Library\Sensors\URG\x64\Debug\link.command.1.tlog
D:\WorkStation\Research\GitHub\SensorPlatformSDK\Library\Sensors\URG\x64\Debug\link.read.1.tlog
D:\WorkStation\Research\GitHub\SensorPlatformSDK\Library\Sensors\URG\x64\Debug\link.write.1.tlog
D:\WorkStation\Research\GitHub\SensorPlatformSDK\Library\Sensors\URG\x64\Debug\mt.command.1.tlog
D:\WorkStation\Research\GitHub\SensorPlatformSDK\Library\Sensors\URG\x64\Debug\mt.read.1.tlog
D:\WorkStation\Research\GitHub\SensorPlatformSDK\Library\Sensors\URG\x64\Debug\mt.write.1.tlog
D:\WORKSTATION\RESEARCH\GITHUB\SENSORPLATFORMSDK\LIBRARY\SENSORS\URG\X64\DEBUG\URG.DLL.INTERMEDIATE.MANIFEST
D:\WORKSTATION\RESEARCH\GITHUB\SENSORPLATFORMSDK\LIBRARY\SENSORS\URG\X64\DEBUG\URG.OBJ
D:\WorkStation\Research\GitHub\SensorPlatformSDK\Library\Sensors\URG\x64\Debug\URG.write.1.tlog
D:\WORKSTATION\RESEARCH\GITHUB\SENSORPLATFORMSDK\LIBRARY\SENSORS\URG\X64\DEBUG\URG_SENSOR.OBJ
D:\WORKSTATION\RESEARCH\GITHUB\SENSORPLATFORMSDK\LIBRARY\SENSORS\URG\X64\DEBUG\URG_SENSORWIDGET.OBJ
D:\WORKSTATION\RESEARCH\GITHUB\SENSORPLATFORMSDK\LIBRARY\SENSORS\URG\X64\DEBUG\URG_STORAGE.OBJ
D:\WORKSTATION\RESEARCH\GITHUB\SENSORPLATFORMSDK\LIBRARY\SENSORS\URG\X64\DEBUG\URG_STORAGEWIDGET.OBJ
D:\WORKSTATION\RESEARCH\GITHUB\SENSORPLATFORMSDK\LIBRARY\SENSORS\URG\X64\DEBUG\VC100.PDB
D:\WORKSTATION\RESEARCH\GITHUB\SENSORPLATFORMSDK\LIBRARY\SENSORS\X64\DEBUG\URG.DLL
D:\WorkStation\Research\GitHub\SensorPlatformSDK\Library\Sensors\x64\Debug\URG.exp
D:\WORKSTATION\RESEARCH\GITHUB\SENSORPLATFORMSDK\LIBRARY\SENSORS\X64\DEBUG\URG.ILK
D:\WorkStation\Research\GitHub\SensorPlatformSDK\Library\Sensors\x64\Debug\URG.lib
D:\WORKSTATION\RESEARCH\GITHUB\SENSORPLATFORMSDK\LIBRARY\SENSORS\X64\DEBUG\URG.PDB
