Build started 2013/10/19 13:17:20.
     1>Project "C:\PossDemo\GitHub\HMW-Alexander\SensorPlatformSDK\Core\Transmitter\Transmitter.vcxproj" on node 2 (rebuild target(s)).
     1>_PrepareForClean:
         Deleting file "x64\Debug\Transmitter.lastbuildstate".
       InitializeBuildStatus:
         Creating "x64\Debug\Transmitter.unsuccessfulbuild" because "AlwaysCreate" was specified.
       ComputeCustomBuildOutput:
         Creating directory "C:\PossDemo\GitHub\HMW-Alexander\SensorPlatformSDK\Core\Transmitter\GeneratedFiles\Debug\".
       CustomBuild:
         Moc'ing transmitter.h...
       ClCompile:
         C:\Program Files (x86)\Microsoft Visual Studio 10.0\VC\bin\x86_amd64\CL.exe /c /I.\GeneratedFiles /I. /I"C:\SDK\Qt\qt-4.8.5\include" /I.\GeneratedFiles\Debug /I"C:\SDK\Qt\qt-4.8.5\include\QtCore" /I"C:\SDK\Qt\qt-4.8.5\include\QtGui" /Zi /nologo /W1 /WX- /Od /D UNICODE /D WIN32 /D QT_DLL /D QT_CORE_LIB /D QT_GUI_LIB /D TRANSMITTER_LIB /Gm- /EHsc /MDd /GS /fp:precise /Zc:wchar_t- /Zc:forScope /Fo"x64\Debug\\" /Fd"x64\Debug\vc100.pdb" /Gd /TP /errorReport:prompt GeneratedFiles\Debug\moc_transmitter.cpp transmitter.cpp
         moc_transmitter.cpp
         transmitter.cpp
         Generating Code...
       Lib:
         C:\Program Files (x86)\Microsoft Visual Studio 10.0\VC\bin\x86_amd64\Lib.exe /OUT:"C:\PossDemo\GitHub\HMW-Alexander\SensorPlatformSDK\Core\x64\Debug\\Transmitter.lib" /LIBPATH:"C:\SDK\Qt\qt-4.8.5\lib" /NOLOGO x64\Debug\moc_transmitter.obj
         x64\Debug\transmitter.obj
         Transmitter.vcxproj -> C:\PossDemo\GitHub\HMW-Alexander\SensorPlatformSDK\Core\x64\Debug\Transmitter.lib
       FinalizeBuildStatus:
         Deleting file "x64\Debug\Transmitter.unsuccessfulbuild".
         Touching "x64\Debug\Transmitter.lastbuildstate".
     1>Done Building Project "C:\PossDemo\GitHub\HMW-Alexander\SensorPlatformSDK\Core\Transmitter\Transmitter.vcxproj" (rebuild target(s)).

Build succeeded.

Time Elapsed 00:00:02.38
