Build started 2013-10-10 22:50:08.
     1>Project "D:\WorkStation\Research\GitHub\SensorPlatformSDK\Library\Sensors\USBCamera\USBCamera.vcxproj" on node 3 (rebuild target(s)).
     1>_PrepareForClean:
         Deleting file "x64\Debug\USBCamera.lastbuildstate".
       InitializeBuildStatus:
         Creating "x64\Debug\USBCamera.unsuccessfulbuild" because "AlwaysCreate" was specified.
       ClCompile:
         D:\Program Files (x86)\Microsoft Visual Studio 10.0\VC\bin\x86_amd64\CL.exe /c /I.\GeneratedFiles /I. /I"D:\SDK\Qt\qt-4.8.5\include" /I.\GeneratedFiles\Debug /I"D:\SDK\Qt\qt-4.8.5\include\QtCore" /I"D:\SDK\Qt\qt-4.8.5\include\QtGui" /Zi /nologo /W1 /WX- /Od /D UNICODE /D WIN32 /D QT_DLL /D QT_CORE_LIB /D USBCAMERA_LIB /D QT_GUI_LIB /D _WINDLL /Gm- /EHsc /MDd /GS /fp:precise /Zc:wchar_t- /Zc:forScope /Fo"x64\Debug\\" /Fd"x64\Debug\vc100.pdb" /Gd /TP /errorReport:prompt usbcamera.cpp usbcamerasensor.cpp usbcamerasensorwidget.cpp usbcamerastorage.cpp usbcamerastoragewidget.cpp
         usbcamera.cpp
         usbcamerasensor.cpp
         usbcamerasensorwidget.cpp
         usbcamerastorage.cpp
         usbcamerastoragewidget.cpp
         Generating Code...
       Link:
         D:\Program Files (x86)\Microsoft Visual Studio 10.0\VC\bin\x86_amd64\link.exe /ERRORREPORT:PROMPT /OUT:"D:\WorkStation\Research\GitHub\SensorPlatformSDK\Library\Sensors\x64\Debug\\USBCamera.dll" /NOLOGO /LIBPATH:"D:\SDK\Qt\qt-4.8.5\lib" qtmaind.lib QtCored4.lib QtGuid4.lib kernel32.lib user32.lib gdi32.lib winspool.lib comdlg32.lib advapi32.lib shell32.lib ole32.lib oleaut32.lib uuid.lib odbc32.lib odbccp32.lib /MANIFEST /ManifestFile:"x64\Debug\USBCamera.dll.intermediate.manifest" /MANIFESTUAC:"level='asInvoker' uiAccess='false'" /DEBUG /PDB:"D:\WorkStation\Research\GitHub\SensorPlatformSDK\Library\Sensors\x64\Debug\USBCamera.pdb" /SUBSYSTEM:WINDOWS /TLBID:1 /DYNAMICBASE /NXCOMPAT /IMPLIB:"D:\WorkStation\Research\GitHub\SensorPlatformSDK\Library\Sensors\x64\Debug\USBCamera.lib" /MACHINE:X64 /DLL x64\Debug\usbcamera.obj
         x64\Debug\usbcamerasensor.obj
         x64\Debug\usbcamerasensorwidget.obj
         x64\Debug\usbcamerastorage.obj
         x64\Debug\usbcamerastoragewidget.obj
            Creating library D:\WorkStation\Research\GitHub\SensorPlatformSDK\Library\Sensors\x64\Debug\USBCamera.lib and object D:\WorkStation\Research\GitHub\SensorPlatformSDK\Library\Sensors\x64\Debug\USBCamera.exp
     1>XMLParamsLoader.lib(xmlparamsloader.obj) : warning LNK4099: PDB 'vc100.pdb' was not found with 'XMLParamsLoader.lib(xmlparamsloader.obj)' or at 'D:\WorkStation\Research\GitHub\SensorPlatformSDK\Library\Sensors\x64\Debug\vc100.pdb'; linking object as if no debug info
         USBCamera.vcxproj -> D:\WorkStation\Research\GitHub\SensorPlatformSDK\Library\Sensors\x64\Debug\USBCamera.dll
       Manifest:
         C:\Program Files (x86)\Microsoft SDKs\Windows\v7.0A\bin\mt.exe /nologo /verbose /outputresource:"D:\WorkStation\Research\GitHub\SensorPlatformSDK\Library\Sensors\x64\Debug\\USBCamera.dll;#2" /manifest x64\Debug\USBCamera.dll.intermediate.manifest
       FinalizeBuildStatus:
         Deleting file "x64\Debug\USBCamera.unsuccessfulbuild".
         Touching "x64\Debug\USBCamera.lastbuildstate".
     1>Done Building Project "D:\WorkStation\Research\GitHub\SensorPlatformSDK\Library\Sensors\USBCamera\USBCamera.vcxproj" (rebuild target(s)).

Build succeeded.

Time Elapsed 00:00:05.62
