C:\PossDemo\GitHub\HMW-Alexander\SensorPlatformSDK\Library\Sensors\USBCamera\x64\Debug\cl.command.1.tlog
C:\PossDemo\GitHub\HMW-Alexander\SensorPlatformSDK\Library\Sensors\USBCamera\x64\Debug\CL.read.1.tlog
C:\PossDemo\GitHub\HMW-Alexander\SensorPlatformSDK\Library\Sensors\USBCamera\x64\Debug\CL.write.1.tlog
C:\PossDemo\GitHub\HMW-Alexander\SensorPlatformSDK\Library\Sensors\USBCamera\x64\Debug\link.command.1.tlog
C:\PossDemo\GitHub\HMW-Alexander\SensorPlatformSDK\Library\Sensors\USBCamera\x64\Debug\link.read.1.tlog
C:\PossDemo\GitHub\HMW-Alexander\SensorPlatformSDK\Library\Sensors\USBCamera\x64\Debug\link.write.1.tlog
C:\PossDemo\GitHub\HMW-Alexander\SensorPlatformSDK\Library\Sensors\USBCamera\x64\Debug\mt.command.1.tlog
C:\PossDemo\GitHub\HMW-Alexander\SensorPlatformSDK\Library\Sensors\USBCamera\x64\Debug\mt.read.1.tlog
C:\PossDemo\GitHub\HMW-Alexander\SensorPlatformSDK\Library\Sensors\USBCamera\x64\Debug\mt.write.1.tlog
C:\POSSDEMO\GITHUB\HMW-ALEXANDER\SENSORPLATFORMSDK\LIBRARY\SENSORS\USBCAMERA\X64\DEBUG\USBCAMERA.DLL.INTERMEDIATE.MANIFEST
C:\POSSDEMO\GITHUB\HMW-ALEXANDER\SENSORPLATFORMSDK\LIBRARY\SENSORS\USBCAMERA\X64\DEBUG\USBCAMERA.OBJ
C:\PossDemo\GitHub\HMW-Alexander\SensorPlatformSDK\Library\Sensors\USBCamera\x64\Debug\USBCamera.write.1.tlog
C:\POSSDEMO\GITHUB\HMW-ALEXANDER\SENSORPLATFORMSDK\LIBRARY\SENSORS\USBCAMERA\X64\DEBUG\USBCAMERASENSOR.OBJ
C:\POSSDEMO\GITHUB\HMW-ALEXANDER\SENSORPLATFORMSDK\LIBRARY\SENSORS\USBCAMERA\X64\DEBUG\USBCAMERASENSORWIDGET.OBJ
C:\POSSDEMO\GITHUB\HMW-ALEXANDER\SENSORPLATFORMSDK\LIBRARY\SENSORS\USBCAMERA\X64\DEBUG\USBCAMERASTORAGE.OBJ
C:\POSSDEMO\GITHUB\HMW-ALEXANDER\SENSORPLATFORMSDK\LIBRARY\SENSORS\USBCAMERA\X64\DEBUG\USBCAMERASTORAGEWIDGET.OBJ
C:\POSSDEMO\GITHUB\HMW-ALEXANDER\SENSORPLATFORMSDK\LIBRARY\SENSORS\USBCAMERA\X64\DEBUG\VC100.PDB
C:\POSSDEMO\GITHUB\HMW-ALEXANDER\SENSORPLATFORMSDK\LIBRARY\SENSORS\X64\DEBUG\USBCAMERA.DLL
C:\PossDemo\GitHub\HMW-Alexander\SensorPlatformSDK\Library\Sensors\x64\Debug\USBCamera.exp
C:\POSSDEMO\GITHUB\HMW-ALEXANDER\SENSORPLATFORMSDK\LIBRARY\SENSORS\X64\DEBUG\USBCAMERA.ILK
C:\PossDemo\GitHub\HMW-Alexander\SensorPlatformSDK\Library\Sensors\x64\Debug\USBCamera.lib
C:\POSSDEMO\GITHUB\HMW-ALEXANDER\SENSORPLATFORMSDK\LIBRARY\SENSORS\X64\DEBUG\USBCAMERA.PDB
