Build started 2014-01-02 21:22:22.
     1>Project "C:\POSS_Demo\GitHub\HMW-Alexander\SensorPlatformSDK\Core\Distribution\Distribution.vcxproj" on node 3 (rebuild target(s)).
     1>_PrepareForClean:
         Deleting file "x64\Debug\Distribution.lastbuildstate".
       InitializeBuildStatus:
         Creating "x64\Debug\Distribution.unsuccessfulbuild" because "AlwaysCreate" was specified.
       CustomBuild:
         Moc'ing distribution.h...
       ClCompile:
         C:\Program Files (x86)\Microsoft Visual Studio 10.0\VC\bin\x86_amd64\CL.exe /c /I.\GeneratedFiles /I. /I"C:\SDK\Qt\qt-4.8.5\include" /I.\GeneratedFiles\Debug /I"C:\SDK\Qt\qt-4.8.5\include\QtCore" /I"C:\SDK\Qt\qt-4.8.5\include\QtGui" /Zi /nologo /W1 /WX- /Od /D UNICODE /D WIN32 /D QT_DLL /D QT_CORE_LIB /D QT_GUI_LIB /D DISTRIBUTION_LIB /Gm- /EHsc /MDd /GS /fp:precise /Zc:wchar_t- /Zc:forScope /Fo"x64\Debug\\" /Fd"x64\Debug\vc100.pdb" /Gd /TP /errorReport:prompt distribution.cpp GeneratedFiles\Debug\moc_distribution.cpp
         distribution.cpp
         moc_distribution.cpp
         Generating Code...
       Lib:
         C:\Program Files (x86)\Microsoft Visual Studio 10.0\VC\bin\x86_amd64\Lib.exe /OUT:"C:\POSS_Demo\GitHub\HMW-Alexander\SensorPlatformSDK\Core\x64\Debug\\Distribution.lib" /LIBPATH:"C:\SDK\Qt\qt-4.8.5\lib" /NOLOGO x64\Debug\distribution.obj
         x64\Debug\moc_distribution.obj
         Distribution.vcxproj -> C:\POSS_Demo\GitHub\HMW-Alexander\SensorPlatformSDK\Core\x64\Debug\Distribution.lib
       FinalizeBuildStatus:
         Deleting file "x64\Debug\Distribution.unsuccessfulbuild".
         Touching "x64\Debug\Distribution.lastbuildstate".
     1>Done Building Project "C:\POSS_Demo\GitHub\HMW-Alexander\SensorPlatformSDK\Core\Distribution\Distribution.vcxproj" (rebuild target(s)).

Build succeeded.

Time Elapsed 00:00:03.02
