Build started 2013-10-14 15:43:13.
     1>Project "D:\WorkStation\Research\GitHub\SensorPlatformSDK\Common\GLViewer\GLViewer.vcxproj" on node 2 (rebuild target(s)).
     1>_PrepareForClean:
         Deleting file "x64\Debug\GLViewer.lastbuildstate".
       InitializeBuildStatus:
         Touching "x64\Debug\GLViewer.unsuccessfulbuild".
       CustomBuild:
         Moc'ing glviewer.h...
       ClCompile:
         D:\Program Files (x86)\Microsoft Visual Studio 10.0\VC\bin\x86_amd64\CL.exe /c /I.\GeneratedFiles /I. /I"D:\SDK\Qt\qt-4.8.5\include" /I.\GeneratedFiles\Debug /I"D:\SDK\Qt\qt-4.8.5\include\QtCore" /I"D:\SDK\Qt\qt-4.8.5\include\QtGui" /I"D:\SDK\Qt\qt-4.8.5\include\QtOpenGL" /Zi /nologo /W1 /WX- /Od /D UNICODE /D WIN32 /D QT_DLL /D QT_CORE_LIB /D QT_GUI_LIB /D QT_OPENGL_LIB /D GLVIEWER_LIB /Gm- /EHsc /MDd /GS /fp:precise /Zc:wchar_t- /Zc:forScope /Fo"x64\Debug\\" /Fd"x64\Debug\vc100.pdb" /Gd /TP /errorReport:prompt GeneratedFiles\Debug\moc_glviewer.cpp glviewer.cpp
         moc_glviewer.cpp
         glviewer.cpp
         Generating Code...
       Lib:
         D:\Program Files (x86)\Microsoft Visual Studio 10.0\VC\bin\x86_amd64\Lib.exe /OUT:"D:\WorkStation\Research\GitHub\SensorPlatformSDK\Common\x64\Debug\\GLViewer.lib" /LIBPATH:"D:\SDK\Qt\qt-4.8.5\lib" /NOLOGO x64\Debug\moc_glviewer.obj
         x64\Debug\glviewer.obj
         GLViewer.vcxproj -> D:\WorkStation\Research\GitHub\SensorPlatformSDK\Common\x64\Debug\GLViewer.lib
       FinalizeBuildStatus:
         Deleting file "x64\Debug\GLViewer.unsuccessfulbuild".
         Touching "x64\Debug\GLViewer.lastbuildstate".
     1>Done Building Project "D:\WorkStation\Research\GitHub\SensorPlatformSDK\Common\GLViewer\GLViewer.vcxproj" (rebuild target(s)).

Build succeeded.

Time Elapsed 00:00:07.62
