Build started 2013-10-10 23:43:46.
     1>Project "D:\WorkStation\Research\GitHub\SensorPlatformSDK\Tools\FuncMoudleCreator\FuncMoudleCreator\FuncMoudleCreator.vcxproj" on node 2 (rebuild target(s)).
     1>_PrepareForClean:
         Deleting file "x64\Debug\FuncMoudleCreator.lastbuildstate".
       InitializeBuildStatus:
         Creating "x64\Debug\FuncMoudleCreator.unsuccessfulbuild" because "AlwaysCreate" was specified.
       CustomBuild:
         Moc'ing funcmoudlecreator.h...
         Uic'ing funcmoudlecreator.ui...
         Rcc'ing funcmoudlecreator.qrc...
     1>RCC : warning : No resources in 'D:\WorkStation\Research\GitHub\SensorPlatformSDK\Tools\FuncMoudleCreator\FuncMoudleCreator\funcmoudlecreator.qrc'.
         
       ClCompile:
         D:\Program Files (x86)\Microsoft Visual Studio 10.0\VC\bin\x86_amd64\CL.exe /c /I.\GeneratedFiles /I. /I"D:\SDK\Qt\qt-4.8.5\include" /I.\GeneratedFiles\Debug /I"D:\SDK\Qt\qt-4.8.5\include\QtCore" /I"D:\SDK\Qt\qt-4.8.5\include\QtGui" /Zi /nologo /W1 /WX- /Od /D UNICODE /D WIN32 /D QT_DLL /D QT_CORE_LIB /D QT_GUI_LIB /Gm- /EHsc /MDd /GS /fp:precise /Zc:wchar_t- /Zc:forScope /Fo"x64\Debug\\" /Fd"x64\Debug\vc100.pdb" /Gd /TP /errorReport:prompt funcmoudlecreator.cpp GeneratedFiles\Debug\moc_funcmoudlecreator.cpp main.cpp
         funcmoudlecreator.cpp
         moc_funcmoudlecreator.cpp
         main.cpp
         Generating Code...
         D:\Program Files (x86)\Microsoft Visual Studio 10.0\VC\bin\x86_amd64\CL.exe /c /I.\GeneratedFiles /I. /I"D:\SDK\Qt\qt-4.8.5\include" /I.\GeneratedFiles\Debug /I"D:\SDK\Qt\qt-4.8.5\include\QtCore" /I"D:\SDK\Qt\qt-4.8.5\include\QtGui" /Zi /nologo /W1 /WX- /Od /D UNICODE /D WIN32 /D QT_DLL /D QT_CORE_LIB /D QT_GUI_LIB /Gm- /EHsc /MDd /GS /fp:precise /Zc:wchar_t- /Zc:forScope /Fo"x64\Debug\\" /Fd"x64\Debug\vc100.pdb" /Gd /TP /errorReport:prompt GeneratedFiles\qrc_funcmoudlecreator.cpp
         qrc_funcmoudlecreator.cpp
       Link:
         D:\Program Files (x86)\Microsoft Visual Studio 10.0\VC\bin\x86_amd64\link.exe /ERRORREPORT:PROMPT /OUT:"D:\WorkStation\Research\GitHub\SensorPlatformSDK\Tools\FuncMoudleCreator\x64\Debug\\FuncMoudleCreator.exe" /NOLOGO /LIBPATH:"D:\SDK\Qt\qt-4.8.5\lib" qtmaind.lib QtCored4.lib QtGuid4.lib kernel32.lib user32.lib gdi32.lib winspool.lib comdlg32.lib advapi32.lib shell32.lib ole32.lib oleaut32.lib uuid.lib odbc32.lib odbccp32.lib /MANIFEST /ManifestFile:"x64\Debug\FuncMoudleCreator.exe.intermediate.manifest" /MANIFESTUAC:"level='asInvoker' uiAccess='false'" /DEBUG /PDB:"D:\WorkStation\Research\GitHub\SensorPlatformSDK\Tools\FuncMoudleCreator\x64\Debug\FuncMoudleCreator.pdb" /SUBSYSTEM:WINDOWS /TLBID:1 /DYNAMICBASE /NXCOMPAT /IMPLIB:"D:\WorkStation\Research\GitHub\SensorPlatformSDK\Tools\FuncMoudleCreator\x64\Debug\FuncMoudleCreator.lib" /MACHINE:X64 x64\Debug\funcmoudlecreator.obj
         x64\Debug\moc_funcmoudlecreator.obj
         x64\Debug\qrc_funcmoudlecreator.obj
         x64\Debug\main.obj
     1>qtmaind.lib(qtmain_win.obj) : warning LNK4099: PDB 'vc100.pdb' was not found with 'qtmaind.lib(qtmain_win.obj)' or at 'D:\WorkStation\Research\GitHub\SensorPlatformSDK\Tools\FuncMoudleCreator\x64\Debug\vc100.pdb'; linking object as if no debug info
         FuncMoudleCreator.vcxproj -> D:\WorkStation\Research\GitHub\SensorPlatformSDK\Tools\FuncMoudleCreator\x64\Debug\FuncMoudleCreator.exe
       Manifest:
         C:\Program Files (x86)\Microsoft SDKs\Windows\v7.0A\bin\mt.exe /nologo /verbose /outputresource:"D:\WorkStation\Research\GitHub\SensorPlatformSDK\Tools\FuncMoudleCreator\x64\Debug\\FuncMoudleCreator.exe;#1" /manifest x64\Debug\FuncMoudleCreator.exe.intermediate.manifest
       FinalizeBuildStatus:
         Deleting file "x64\Debug\FuncMoudleCreator.unsuccessfulbuild".
         Touching "x64\Debug\FuncMoudleCreator.lastbuildstate".
     1>Done Building Project "D:\WorkStation\Research\GitHub\SensorPlatformSDK\Tools\FuncMoudleCreator\FuncMoudleCreator\FuncMoudleCreator.vcxproj" (rebuild target(s)).

Build succeeded.

Time Elapsed 00:00:03.57
