D:\WORKSTATION\RESEARCH\GITHUB\SENSORPLATFORMSDK\TOOLS\FUNCMOUDLECREATOR\FUNCMOUDLECREATOR\GENERATEDFILES\DEBUG\MOC_FUNCMOUDLECREATOR.CPP
D:\WORKSTATION\RESEARCH\GITHUB\SENSORPLATFORMSDK\TOOLS\FUNCMOUDLECREATOR\FUNCMOUDLECREATOR\GENERATEDFILES\QRC_FUNCMOUDLECREATOR.CPP
D:\WORKSTATION\RESEARCH\GITHUB\SENSORPLATFORMSDK\TOOLS\FUNCMOUDLECREATOR\FUNCMOUDLECREATOR\GENERATEDFILES\UI_FUNCMOUDLECREATOR.H
D:\WorkStation\Research\GitHub\SensorPlatformSDK\Tools\FuncMoudleCreator\FuncMoudleCreator\x64\Debug\cl.command.1.tlog
D:\WorkStation\Research\GitHub\SensorPlatformSDK\Tools\FuncMoudleCreator\FuncMoudleCreator\x64\Debug\CL.read.1.tlog
D:\WorkStation\Research\GitHub\SensorPlatformSDK\Tools\FuncMoudleCreator\FuncMoudleCreator\x64\Debug\CL.write.1.tlog
D:\WorkStation\Research\GitHub\SensorPlatformSDK\Tools\FuncMoudleCreator\FuncMoudleCreator\x64\Debug\custombuild.command.1.tlog
D:\WorkStation\Research\GitHub\SensorPlatformSDK\Tools\FuncMoudleCreator\FuncMoudleCreator\x64\Debug\custombuild.read.1.tlog
D:\WorkStation\Research\GitHub\SensorPlatformSDK\Tools\FuncMoudleCreator\FuncMoudleCreator\x64\Debug\custombuild.write.1.tlog
D:\WORKSTATION\RESEARCH\GITHUB\SENSORPLATFORMSDK\TOOLS\FUNCMOUDLECREATOR\FUNCMOUDLECREATOR\X64\DEBUG\FUNCMOUDLECREATOR.EXE.INTERMEDIATE.MANIFEST
D:\WORKSTATION\RESEARCH\GITHUB\SENSORPLATFORMSDK\TOOLS\FUNCMOUDLECREATOR\FUNCMOUDLECREATOR\X64\DEBUG\FUNCMOUDLECREATOR.OBJ
D:\WorkStation\Research\GitHub\SensorPlatformSDK\Tools\FuncMoudleCreator\FuncMoudleCreator\x64\Debug\FuncMoudleCreator.vcxprojResolveAssemblyReference.cache
D:\WorkStation\Research\GitHub\SensorPlatformSDK\Tools\FuncMoudleCreator\FuncMoudleCreator\x64\Debug\FuncMoudleCreator.write.1.tlog
D:\WorkStation\Research\GitHub\SensorPlatformSDK\Tools\FuncMoudleCreator\FuncMoudleCreator\x64\Debug\link.command.1.tlog
D:\WorkStation\Research\GitHub\SensorPlatformSDK\Tools\FuncMoudleCreator\FuncMoudleCreator\x64\Debug\link.read.1.tlog
D:\WorkStation\Research\GitHub\SensorPlatformSDK\Tools\FuncMoudleCreator\FuncMoudleCreator\x64\Debug\link.read.2.tlog
D:\WorkStation\Research\GitHub\SensorPlatformSDK\Tools\FuncMoudleCreator\FuncMoudleCreator\x64\Debug\link.write.1.tlog
D:\WORKSTATION\RESEARCH\GITHUB\SENSORPLATFORMSDK\TOOLS\FUNCMOUDLECREATOR\FUNCMOUDLECREATOR\X64\DEBUG\MAIN.OBJ
D:\WORKSTATION\RESEARCH\GITHUB\SENSORPLATFORMSDK\TOOLS\FUNCMOUDLECREATOR\FUNCMOUDLECREATOR\X64\DEBUG\MOC_FUNCMOUDLECREATOR.OBJ
D:\WorkStation\Research\GitHub\SensorPlatformSDK\Tools\FuncMoudleCreator\FuncMoudleCreator\x64\Debug\mt.command.1.tlog
D:\WorkStation\Research\GitHub\SensorPlatformSDK\Tools\FuncMoudleCreator\FuncMoudleCreator\x64\Debug\mt.read.1.tlog
D:\WorkStation\Research\GitHub\SensorPlatformSDK\Tools\FuncMoudleCreator\FuncMoudleCreator\x64\Debug\mt.write.1.tlog
D:\WORKSTATION\RESEARCH\GITHUB\SENSORPLATFORMSDK\TOOLS\FUNCMOUDLECREATOR\FUNCMOUDLECREATOR\X64\DEBUG\QRC_FUNCMOUDLECREATOR.OBJ
D:\WORKSTATION\RESEARCH\GITHUB\SENSORPLATFORMSDK\TOOLS\FUNCMOUDLECREATOR\FUNCMOUDLECREATOR\X64\DEBUG\VC100.PDB
D:\WORKSTATION\RESEARCH\GITHUB\SENSORPLATFORMSDK\TOOLS\FUNCMOUDLECREATOR\X64\DEBUG\FUNCMOUDLECREATOR.EXE
D:\WORKSTATION\RESEARCH\GITHUB\SENSORPLATFORMSDK\TOOLS\FUNCMOUDLECREATOR\X64\DEBUG\FUNCMOUDLECREATOR.ILK
D:\WORKSTATION\RESEARCH\GITHUB\SENSORPLATFORMSDK\TOOLS\FUNCMOUDLECREATOR\X64\DEBUG\FUNCMOUDLECREATOR.PDB
