C:\POSS_DEMO\GITHUB\HMW-ALEXANDER\SENSORPLATFORMSDK\LIBRARY\PROCESSOR\ODOMETRY\X64\DEBUG\ODOMETRY.DLL.INTERMEDIATE.MANIFEST
C:\POSS_DEMO\GITHUB\HMW-ALEXANDER\SENSORPLATFORMSDK\LIBRARY\PROCESSOR\ODOMETRY\X64\DEBUG\ODOMETRY.OBJ
C:\POSS_DEMO\GITHUB\HMW-ALEXANDER\SENSORPLATFORMSDK\LIBRARY\PROCESSOR\ODOMETRY\X64\DEBUG\ODOMETRY_PROCESSOR.OBJ
C:\POSS_DEMO\GITHUB\HMW-ALEXANDER\SENSORPLATFORMSDK\LIBRARY\PROCESSOR\ODOMETRY\X64\DEBUG\ODOMETRY_STORAGE.OBJ
C:\POSS_DEMO\GITHUB\HMW-ALEXANDER\SENSORPLATFORMSDK\LIBRARY\PROCESSOR\ODOMETRY\X64\DEBUG\ODOMETRY_STORAGEWIDGET.OBJ
C:\POSS_DEMO\GITHUB\HMW-ALEXANDER\SENSORPLATFORMSDK\LIBRARY\PROCESSOR\ODOMETRY\X64\DEBUG\VC100.PDB
C:\POSS_DEMO\GITHUB\HMW-ALEXANDER\SENSORPLATFORMSDK\LIBRARY\PROCESSOR\X64\DEBUG\ODOMETRY.DLL
C:\POSS_Demo\GitHub\HMW-Alexander\SensorPlatformSDK\Library\Processor\x64\Debug\Odometry.exp
C:\POSS_DEMO\GITHUB\HMW-ALEXANDER\SENSORPLATFORMSDK\LIBRARY\PROCESSOR\X64\DEBUG\ODOMETRY.ILK
C:\POSS_Demo\GitHub\HMW-Alexander\SensorPlatformSDK\Library\Processor\x64\Debug\Odometry.lib
C:\POSS_DEMO\GITHUB\HMW-ALEXANDER\SENSORPLATFORMSDK\LIBRARY\PROCESSOR\X64\DEBUG\ODOMETRY.PDB
C:\PossDemo\GitHub\HMW-Alexander\SensorPlatformSDK\Library\Processor\Odometry\x64\Debug\cl.command.1.tlog
C:\PossDemo\GitHub\HMW-Alexander\SensorPlatformSDK\Library\Processor\Odometry\x64\Debug\CL.read.1.tlog
C:\PossDemo\GitHub\HMW-Alexander\SensorPlatformSDK\Library\Processor\Odometry\x64\Debug\CL.write.1.tlog
C:\PossDemo\GitHub\HMW-Alexander\SensorPlatformSDK\Library\Processor\Odometry\x64\Debug\link.command.1.tlog
C:\PossDemo\GitHub\HMW-Alexander\SensorPlatformSDK\Library\Processor\Odometry\x64\Debug\link.read.1.tlog
C:\PossDemo\GitHub\HMW-Alexander\SensorPlatformSDK\Library\Processor\Odometry\x64\Debug\link.write.1.tlog
C:\PossDemo\GitHub\HMW-Alexander\SensorPlatformSDK\Library\Processor\Odometry\x64\Debug\mt.command.1.tlog
C:\PossDemo\GitHub\HMW-Alexander\SensorPlatformSDK\Library\Processor\Odometry\x64\Debug\mt.read.1.tlog
C:\PossDemo\GitHub\HMW-Alexander\SensorPlatformSDK\Library\Processor\Odometry\x64\Debug\mt.write.1.tlog
C:\PossDemo\GitHub\HMW-Alexander\SensorPlatformSDK\Library\Processor\Odometry\x64\Debug\Odometry.dll.intermediate.manifest
C:\PossDemo\GitHub\HMW-Alexander\SensorPlatformSDK\Library\Processor\Odometry\x64\Debug\Odometry.obj
C:\PossDemo\GitHub\HMW-Alexander\SensorPlatformSDK\Library\Processor\Odometry\x64\Debug\Odometry.write.1.tlog
C:\PossDemo\GitHub\HMW-Alexander\SensorPlatformSDK\Library\Processor\Odometry\x64\Debug\Odometry_processor.obj
C:\PossDemo\GitHub\HMW-Alexander\SensorPlatformSDK\Library\Processor\Odometry\x64\Debug\Odometry_storage.obj
C:\PossDemo\GitHub\HMW-Alexander\SensorPlatformSDK\Library\Processor\Odometry\x64\Debug\Odometry_storagewidget.obj
C:\PossDemo\GitHub\HMW-Alexander\SensorPlatformSDK\Library\Processor\Odometry\x64\Debug\vc100.pdb
C:\PossDemo\GitHub\HMW-Alexander\SensorPlatformSDK\Library\Processor\x64\Debug\Odometry.dll
C:\PossDemo\GitHub\HMW-Alexander\SensorPlatformSDK\Library\Processor\x64\Debug\Odometry.ilk
C:\PossDemo\GitHub\HMW-Alexander\SensorPlatformSDK\Library\Processor\x64\Debug\Odometry.pdb
