Build started 2014-01-02 22:33:48.
     1>Project "C:\POSS_Demo\GitHub\HMW-Alexander\SensorPlatformSDK\Library\Processor\Odometry\Odometry.vcxproj" on node 2 (rebuild target(s)).
     1>_PrepareForClean:
         Deleting file "x64\Debug\Odometry.lastbuildstate".
       InitializeBuildStatus:
         Creating "x64\Debug\Odometry.unsuccessfulbuild" because "AlwaysCreate" was specified.
       ClCompile:
         C:\Program Files (x86)\Microsoft Visual Studio 10.0\VC\bin\x86_amd64\CL.exe /c /I.\GeneratedFiles /I. /I"C:\SDK\Qt\qt-4.8.5\include" /I.\GeneratedFiles\Debug /I"C:\SDK\Qt\qt-4.8.5\include\QtCore" /I"C:\SDK\Qt\qt-4.8.5\include\QtGui" /Zi /nologo /W1 /WX- /Od /D UNICODE /D WIN32 /D QT_DLL /D QT_CORE_LIB /D QT_GUI_LIB /D ODOMETRY_LIB /D _WINDLL /Gm- /EHsc /MDd /GS /fp:precise /Zc:wchar_t- /Zc:forScope /Fo"x64\Debug\\" /Fd"x64\Debug\vc100.pdb" /Gd /TP /errorReport:prompt Odometry.cpp Odometry_processor.cpp Odometry_storage.cpp Odometry_storagewidget.cpp
         Odometry.cpp
         Odometry_processor.cpp
         Odometry_storage.cpp
         Odometry_storagewidget.cpp
         Generating Code...
       Link:
         C:\Program Files (x86)\Microsoft Visual Studio 10.0\VC\bin\x86_amd64\link.exe /ERRORREPORT:PROMPT /OUT:"C:\POSS_Demo\GitHub\HMW-Alexander\SensorPlatformSDK\Library\Processor\x64\Debug\\Odometry.dll" /NOLOGO /LIBPATH:"C:\SDK\Qt\qt-4.8.5\lib" qtmaind.lib QtCored4.lib QtGuid4.lib kernel32.lib user32.lib gdi32.lib winspool.lib comdlg32.lib advapi32.lib shell32.lib ole32.lib oleaut32.lib uuid.lib odbc32.lib odbccp32.lib /MANIFEST /ManifestFile:"x64\Debug\Odometry.dll.intermediate.manifest" /MANIFESTUAC:"level='asInvoker' uiAccess='false'" /DEBUG /PDB:"C:\POSS_Demo\GitHub\HMW-Alexander\SensorPlatformSDK\Library\Processor\x64\Debug\Odometry.pdb" /SUBSYSTEM:WINDOWS /TLBID:1 /DYNAMICBASE /NXCOMPAT /IMPLIB:"C:\POSS_Demo\GitHub\HMW-Alexander\SensorPlatformSDK\Library\Processor\x64\Debug\Odometry.lib" /MACHINE:X64 /DLL x64\Debug\Odometry.obj
         x64\Debug\Odometry_processor.obj
         x64\Debug\Odometry_storage.obj
         x64\Debug\Odometry_storagewidget.obj
            Creating library C:\POSS_Demo\GitHub\HMW-Alexander\SensorPlatformSDK\Library\Processor\x64\Debug\Odometry.lib and object C:\POSS_Demo\GitHub\HMW-Alexander\SensorPlatformSDK\Library\Processor\x64\Debug\Odometry.exp
         Odometry.vcxproj -> C:\POSS_Demo\GitHub\HMW-Alexander\SensorPlatformSDK\Library\Processor\x64\Debug\Odometry.dll
       Manifest:
         C:\Program Files (x86)\Microsoft SDKs\Windows\v7.0A\bin\mt.exe /nologo /verbose /outputresource:"C:\POSS_Demo\GitHub\HMW-Alexander\SensorPlatformSDK\Library\Processor\x64\Debug\\Odometry.dll;#2" /manifest x64\Debug\Odometry.dll.intermediate.manifest
       FinalizeBuildStatus:
         Deleting file "x64\Debug\Odometry.unsuccessfulbuild".
         Touching "x64\Debug\Odometry.lastbuildstate".
     1>Done Building Project "C:\POSS_Demo\GitHub\HMW-Alexander\SensorPlatformSDK\Library\Processor\Odometry\Odometry.vcxproj" (rebuild target(s)).

Build succeeded.

Time Elapsed 00:00:08.66
