C:\PossDemo\GitHub\HMW-Alexander\SensorPlatformSDK\Core\Storage\x64\Debug\cl.command.1.tlog
C:\PossDemo\GitHub\HMW-Alexander\SensorPlatformSDK\Core\Storage\x64\Debug\CL.read.1.tlog
C:\PossDemo\GitHub\HMW-Alexander\SensorPlatformSDK\Core\Storage\x64\Debug\CL.write.1.tlog
C:\PossDemo\GitHub\HMW-Alexander\SensorPlatformSDK\Core\Storage\x64\Debug\custombuild.command.1.tlog
C:\PossDemo\GitHub\HMW-Alexander\SensorPlatformSDK\Core\Storage\x64\Debug\custombuild.read.1.tlog
C:\PossDemo\GitHub\HMW-Alexander\SensorPlatformSDK\Core\Storage\x64\Debug\custombuild.write.1.tlog
C:\PossDemo\GitHub\HMW-Alexander\SensorPlatformSDK\Core\Storage\x64\Debug\lib.command.1.tlog
C:\PossDemo\GitHub\HMW-Alexander\SensorPlatformSDK\Core\Storage\x64\Debug\Lib-link.read.1.tlog
C:\PossDemo\GitHub\HMW-Alexander\SensorPlatformSDK\Core\Storage\x64\Debug\Lib-link.write.1.tlog
C:\PossDemo\GitHub\HMW-Alexander\SensorPlatformSDK\Core\Storage\x64\Debug\moc_storage.obj
C:\PossDemo\GitHub\HMW-Alexander\SensorPlatformSDK\Core\Storage\x64\Debug\moc_storagewidget.obj
C:\PossDemo\GitHub\HMW-Alexander\SensorPlatformSDK\Core\Storage\x64\Debug\storage.obj
C:\PossDemo\GitHub\HMW-Alexander\SensorPlatformSDK\Core\Storage\x64\Debug\Storage.write.1.tlog
C:\PossDemo\GitHub\HMW-Alexander\SensorPlatformSDK\Core\Storage\x64\Debug\storagewidget.obj
C:\PossDemo\GitHub\HMW-Alexander\SensorPlatformSDK\Core\Storage\x64\Debug\vc100.pdb
C:\PossDemo\GitHub\HMW-Alexander\SensorPlatformSDK\Core\x64\Debug\Storage.lib
D:\WORKSTATION\RESEARCH\GITHUB\SENSORPLATFORMSDK\CORE\STORAGE\GENERATEDFILES\DEBUG\MOC_STORAGE.CPP
D:\WORKSTATION\RESEARCH\GITHUB\SENSORPLATFORMSDK\CORE\STORAGE\GENERATEDFILES\DEBUG\MOC_STORAGEWIDGET.CPP
D:\WORKSTATION\RESEARCH\GITHUB\SENSORPLATFORMSDK\CORE\STORAGE\X64\DEBUG\MOC_STORAGE.OBJ
D:\WORKSTATION\RESEARCH\GITHUB\SENSORPLATFORMSDK\CORE\STORAGE\X64\DEBUG\MOC_STORAGEWIDGET.OBJ
D:\WORKSTATION\RESEARCH\GITHUB\SENSORPLATFORMSDK\CORE\STORAGE\X64\DEBUG\STORAGE.OBJ
D:\WORKSTATION\RESEARCH\GITHUB\SENSORPLATFORMSDK\CORE\STORAGE\X64\DEBUG\STORAGEWIDGET.OBJ
D:\WORKSTATION\RESEARCH\GITHUB\SENSORPLATFORMSDK\CORE\STORAGE\X64\DEBUG\VC100.PDB
D:\WORKSTATION\RESEARCH\GITHUB\SENSORPLATFORMSDK\CORE\X64\DEBUG\STORAGE.LIB
