D:\WorkStation\Research\GitHub\SensorPlatformSDK\Library\Sensors\USBCamera\x64\Debug\cl.command.1.tlog
D:\WorkStation\Research\GitHub\SensorPlatformSDK\Library\Sensors\USBCamera\x64\Debug\CL.read.1.tlog
D:\WorkStation\Research\GitHub\SensorPlatformSDK\Library\Sensors\USBCamera\x64\Debug\CL.write.1.tlog
D:\WorkStation\Research\GitHub\SensorPlatformSDK\Library\Sensors\USBCamera\x64\Debug\link.command.1.tlog
D:\WorkStation\Research\GitHub\SensorPlatformSDK\Library\Sensors\USBCamera\x64\Debug\link.read.1.tlog
D:\WorkStation\Research\GitHub\SensorPlatformSDK\Library\Sensors\USBCamera\x64\Debug\link.write.1.tlog
D:\WorkStation\Research\GitHub\SensorPlatformSDK\Library\Sensors\USBCamera\x64\Debug\mt.command.1.tlog
D:\WorkStation\Research\GitHub\SensorPlatformSDK\Library\Sensors\USBCamera\x64\Debug\mt.read.1.tlog
D:\WorkStation\Research\GitHub\SensorPlatformSDK\Library\Sensors\USBCamera\x64\Debug\mt.write.1.tlog
D:\WORKSTATION\RESEARCH\GITHUB\SENSORPLATFORMSDK\LIBRARY\SENSORS\USBCAMERA\X64\DEBUG\USBCAMERA.DLL.INTERMEDIATE.MANIFEST
D:\WORKSTATION\RESEARCH\GITHUB\SENSORPLATFORMSDK\LIBRARY\SENSORS\USBCAMERA\X64\DEBUG\USBCAMERA.OBJ
D:\WorkStation\Research\GitHub\SensorPlatformSDK\Library\Sensors\USBCamera\x64\Debug\USBCamera.vcxprojResolveAssemblyReference.cache
D:\WorkStation\Research\GitHub\SensorPlatformSDK\Library\Sensors\USBCamera\x64\Debug\USBCamera.write.1.tlog
D:\WORKSTATION\RESEARCH\GITHUB\SENSORPLATFORMSDK\LIBRARY\SENSORS\USBCAMERA\X64\DEBUG\USBCAMERASENSOR.OBJ
D:\WORKSTATION\RESEARCH\GITHUB\SENSORPLATFORMSDK\LIBRARY\SENSORS\USBCAMERA\X64\DEBUG\USBCAMERASENSORWIDGET.OBJ
D:\WORKSTATION\RESEARCH\GITHUB\SENSORPLATFORMSDK\LIBRARY\SENSORS\USBCAMERA\X64\DEBUG\USBCAMERASTORAGE.OBJ
D:\WORKSTATION\RESEARCH\GITHUB\SENSORPLATFORMSDK\LIBRARY\SENSORS\USBCAMERA\X64\DEBUG\USBCAMERASTORAGEWIDGET.OBJ
D:\WORKSTATION\RESEARCH\GITHUB\SENSORPLATFORMSDK\LIBRARY\SENSORS\USBCAMERA\X64\DEBUG\VC100.PDB
D:\WORKSTATION\RESEARCH\GITHUB\SENSORPLATFORMSDK\LIBRARY\SENSORS\X64\DEBUG\USBCAMERA.DLL
D:\WorkStation\Research\GitHub\SensorPlatformSDK\Library\Sensors\x64\Debug\USBCamera.exp
D:\WORKSTATION\RESEARCH\GITHUB\SENSORPLATFORMSDK\LIBRARY\SENSORS\X64\DEBUG\USBCAMERA.ILK
D:\WorkStation\Research\GitHub\SensorPlatformSDK\Library\Sensors\x64\Debug\USBCamera.lib
D:\WORKSTATION\RESEARCH\GITHUB\SENSORPLATFORMSDK\LIBRARY\SENSORS\X64\DEBUG\USBCAMERA.PDB
