C:\PossDemo\GitHub\HMW-Alexander\SensorPlatformSDK\Library\Sensors\Encoder\x64\Debug\cl.command.1.tlog
C:\PossDemo\GitHub\HMW-Alexander\SensorPlatformSDK\Library\Sensors\Encoder\x64\Debug\CL.read.1.tlog
C:\PossDemo\GitHub\HMW-Alexander\SensorPlatformSDK\Library\Sensors\Encoder\x64\Debug\CL.write.1.tlog
C:\POSSDEMO\GITHUB\HMW-ALEXANDER\SENSORPLATFORMSDK\LIBRARY\SENSORS\ENCODER\X64\DEBUG\ENCODER.DLL.INTERMEDIATE.MANIFEST
C:\POSSDEMO\GITHUB\HMW-ALEXANDER\SENSORPLATFORMSDK\LIBRARY\SENSORS\ENCODER\X64\DEBUG\ENCODER.OBJ
C:\PossDemo\GitHub\HMW-Alexander\SensorPlatformSDK\Library\Sensors\Encoder\x64\Debug\Encoder.write.1.tlog
C:\POSSDEMO\GITHUB\HMW-ALEXANDER\SENSORPLATFORMSDK\LIBRARY\SENSORS\ENCODER\X64\DEBUG\ENCODER_COMMUNICATOR.OBJ
C:\POSSDEMO\GITHUB\HMW-ALEXANDER\SENSORPLATFORMSDK\LIBRARY\SENSORS\ENCODER\X64\DEBUG\ENCODER_COMMUNICATORWIDGET.OBJ
C:\POSSDEMO\GITHUB\HMW-ALEXANDER\SENSORPLATFORMSDK\LIBRARY\SENSORS\ENCODER\X64\DEBUG\ENCODER_STORAGE.OBJ
C:\POSSDEMO\GITHUB\HMW-ALEXANDER\SENSORPLATFORMSDK\LIBRARY\SENSORS\ENCODER\X64\DEBUG\ENCODER_STORAGEWIDGET.OBJ
C:\PossDemo\GitHub\HMW-Alexander\SensorPlatformSDK\Library\Sensors\Encoder\x64\Debug\link.command.1.tlog
C:\PossDemo\GitHub\HMW-Alexander\SensorPlatformSDK\Library\Sensors\Encoder\x64\Debug\link.read.1.tlog
C:\PossDemo\GitHub\HMW-Alexander\SensorPlatformSDK\Library\Sensors\Encoder\x64\Debug\link.write.1.tlog
C:\PossDemo\GitHub\HMW-Alexander\SensorPlatformSDK\Library\Sensors\Encoder\x64\Debug\mt.command.1.tlog
C:\PossDemo\GitHub\HMW-Alexander\SensorPlatformSDK\Library\Sensors\Encoder\x64\Debug\mt.read.1.tlog
C:\PossDemo\GitHub\HMW-Alexander\SensorPlatformSDK\Library\Sensors\Encoder\x64\Debug\mt.write.1.tlog
C:\POSSDEMO\GITHUB\HMW-ALEXANDER\SENSORPLATFORMSDK\LIBRARY\SENSORS\ENCODER\X64\DEBUG\VC100.PDB
C:\POSSDEMO\GITHUB\HMW-ALEXANDER\SENSORPLATFORMSDK\LIBRARY\SENSORS\X64\DEBUG\ENCODER.DLL
C:\PossDemo\GitHub\HMW-Alexander\SensorPlatformSDK\Library\Sensors\x64\Debug\Encoder.exp
C:\POSSDEMO\GITHUB\HMW-ALEXANDER\SENSORPLATFORMSDK\LIBRARY\SENSORS\X64\DEBUG\ENCODER.ILK
C:\PossDemo\GitHub\HMW-Alexander\SensorPlatformSDK\Library\Sensors\x64\Debug\Encoder.lib
C:\POSSDEMO\GITHUB\HMW-ALEXANDER\SENSORPLATFORMSDK\LIBRARY\SENSORS\X64\DEBUG\ENCODER.PDB
