D:\WORKSTATION\RESEARCH\GITHUB\SENSORPLATFORMSDK\EXAMPLES\SENSOR_STORAGE\GENERATEDFILES\DEBUG\MOC_SENSOR_STORAGE.CPP
D:\WORKSTATION\RESEARCH\GITHUB\SENSORPLATFORMSDK\EXAMPLES\SENSOR_STORAGE\GENERATEDFILES\QRC_SENSOR_STORAGE.CPP
D:\WORKSTATION\RESEARCH\GITHUB\SENSORPLATFORMSDK\EXAMPLES\SENSOR_STORAGE\GENERATEDFILES\UI_SENSOR_STORAGE.H
D:\WorkStation\Research\GitHub\SensorPlatformSDK\Examples\Sensor_Storage\x64\Debug\cl.command.1.tlog
D:\WorkStation\Research\GitHub\SensorPlatformSDK\Examples\Sensor_Storage\x64\Debug\CL.read.1.tlog
D:\WorkStation\Research\GitHub\SensorPlatformSDK\Examples\Sensor_Storage\x64\Debug\CL.write.1.tlog
D:\WorkStation\Research\GitHub\SensorPlatformSDK\Examples\Sensor_Storage\x64\Debug\custombuild.command.1.tlog
D:\WorkStation\Research\GitHub\SensorPlatformSDK\Examples\Sensor_Storage\x64\Debug\custombuild.read.1.tlog
D:\WorkStation\Research\GitHub\SensorPlatformSDK\Examples\Sensor_Storage\x64\Debug\custombuild.write.1.tlog
D:\WorkStation\Research\GitHub\SensorPlatformSDK\Examples\Sensor_Storage\x64\Debug\link.command.1.tlog
D:\WorkStation\Research\GitHub\SensorPlatformSDK\Examples\Sensor_Storage\x64\Debug\link.read.1.tlog
D:\WorkStation\Research\GitHub\SensorPlatformSDK\Examples\Sensor_Storage\x64\Debug\link.read.2.tlog
D:\WorkStation\Research\GitHub\SensorPlatformSDK\Examples\Sensor_Storage\x64\Debug\link.write.1.tlog
D:\WORKSTATION\RESEARCH\GITHUB\SENSORPLATFORMSDK\EXAMPLES\SENSOR_STORAGE\X64\DEBUG\MAIN.OBJ
D:\WORKSTATION\RESEARCH\GITHUB\SENSORPLATFORMSDK\EXAMPLES\SENSOR_STORAGE\X64\DEBUG\MOC_SENSOR_STORAGE.OBJ
D:\WorkStation\Research\GitHub\SensorPlatformSDK\Examples\Sensor_Storage\x64\Debug\mt.command.1.tlog
D:\WorkStation\Research\GitHub\SensorPlatformSDK\Examples\Sensor_Storage\x64\Debug\mt.read.1.tlog
D:\WorkStation\Research\GitHub\SensorPlatformSDK\Examples\Sensor_Storage\x64\Debug\mt.write.1.tlog
D:\WORKSTATION\RESEARCH\GITHUB\SENSORPLATFORMSDK\EXAMPLES\SENSOR_STORAGE\X64\DEBUG\QRC_SENSOR_STORAGE.OBJ
D:\WORKSTATION\RESEARCH\GITHUB\SENSORPLATFORMSDK\EXAMPLES\SENSOR_STORAGE\X64\DEBUG\SENSOR_STORAGE.EXE.INTERMEDIATE.MANIFEST
D:\WORKSTATION\RESEARCH\GITHUB\SENSORPLATFORMSDK\EXAMPLES\SENSOR_STORAGE\X64\DEBUG\SENSOR_STORAGE.OBJ
D:\WorkStation\Research\GitHub\SensorPlatformSDK\Examples\Sensor_Storage\x64\Debug\Sensor_Storage.write.1.tlog
D:\WORKSTATION\RESEARCH\GITHUB\SENSORPLATFORMSDK\EXAMPLES\SENSOR_STORAGE\X64\DEBUG\VC100.PDB
D:\WORKSTATION\RESEARCH\GITHUB\SENSORPLATFORMSDK\EXAMPLES\X64\DEBUG\SENSOR_STORAGE.EXE
D:\WORKSTATION\RESEARCH\GITHUB\SENSORPLATFORMSDK\EXAMPLES\X64\DEBUG\SENSOR_STORAGE.ILK
D:\WORKSTATION\RESEARCH\GITHUB\SENSORPLATFORMSDK\EXAMPLES\X64\DEBUG\SENSOR_STORAGE.PDB
