D:\WORKSTATION\RESEARCH\GITHUB\SENSORPLATFORMSDK\LIBRARY\SENSORS\X64\DEBUG\XTION.DLL
D:\WorkStation\Research\GitHub\SensorPlatformSDK\Library\Sensors\x64\Debug\Xtion.exp
D:\WORKSTATION\RESEARCH\GITHUB\SENSORPLATFORMSDK\LIBRARY\SENSORS\X64\DEBUG\XTION.ILK
D:\WorkStation\Research\GitHub\SensorPlatformSDK\Library\Sensors\x64\Debug\Xtion.lib
D:\WORKSTATION\RESEARCH\GITHUB\SENSORPLATFORMSDK\LIBRARY\SENSORS\X64\DEBUG\XTION.PDB
D:\WorkStation\Research\GitHub\SensorPlatformSDK\Library\Sensors\Xtion\x64\Debug\cl.command.1.tlog
D:\WorkStation\Research\GitHub\SensorPlatformSDK\Library\Sensors\Xtion\x64\Debug\CL.read.1.tlog
D:\WorkStation\Research\GitHub\SensorPlatformSDK\Library\Sensors\Xtion\x64\Debug\CL.write.1.tlog
D:\WorkStation\Research\GitHub\SensorPlatformSDK\Library\Sensors\Xtion\x64\Debug\link.command.1.tlog
D:\WorkStation\Research\GitHub\SensorPlatformSDK\Library\Sensors\Xtion\x64\Debug\link.read.1.tlog
D:\WorkStation\Research\GitHub\SensorPlatformSDK\Library\Sensors\Xtion\x64\Debug\link.write.1.tlog
D:\WorkStation\Research\GitHub\SensorPlatformSDK\Library\Sensors\Xtion\x64\Debug\mt.command.1.tlog
D:\WorkStation\Research\GitHub\SensorPlatformSDK\Library\Sensors\Xtion\x64\Debug\mt.read.1.tlog
D:\WorkStation\Research\GitHub\SensorPlatformSDK\Library\Sensors\Xtion\x64\Debug\mt.write.1.tlog
D:\WORKSTATION\RESEARCH\GITHUB\SENSORPLATFORMSDK\LIBRARY\SENSORS\XTION\X64\DEBUG\VC100.PDB
D:\WORKSTATION\RESEARCH\GITHUB\SENSORPLATFORMSDK\LIBRARY\SENSORS\XTION\X64\DEBUG\XTION.DLL.INTERMEDIATE.MANIFEST
D:\WORKSTATION\RESEARCH\GITHUB\SENSORPLATFORMSDK\LIBRARY\SENSORS\XTION\X64\DEBUG\XTION.OBJ
D:\WorkStation\Research\GitHub\SensorPlatformSDK\Library\Sensors\Xtion\x64\Debug\Xtion.write.1.tlog
D:\WORKSTATION\RESEARCH\GITHUB\SENSORPLATFORMSDK\LIBRARY\SENSORS\XTION\X64\DEBUG\XTION_SENSOR.OBJ
D:\WORKSTATION\RESEARCH\GITHUB\SENSORPLATFORMSDK\LIBRARY\SENSORS\XTION\X64\DEBUG\XTION_SENSORWIDGET.OBJ
D:\WORKSTATION\RESEARCH\GITHUB\SENSORPLATFORMSDK\LIBRARY\SENSORS\XTION\X64\DEBUG\XTION_STORAGE.OBJ
D:\WORKSTATION\RESEARCH\GITHUB\SENSORPLATFORMSDK\LIBRARY\SENSORS\XTION\X64\DEBUG\XTION_STORAGEWIDGET.OBJ
