D:\WorkStation\Research\GitHub\SensorPlatformSDK\Library\Sensors\UDPReceiver\x64\Debug\cl.command.1.tlog
D:\WorkStation\Research\GitHub\SensorPlatformSDK\Library\Sensors\UDPReceiver\x64\Debug\CL.read.1.tlog
D:\WorkStation\Research\GitHub\SensorPlatformSDK\Library\Sensors\UDPReceiver\x64\Debug\CL.write.1.tlog
D:\WorkStation\Research\GitHub\SensorPlatformSDK\Library\Sensors\UDPReceiver\x64\Debug\link.command.1.tlog
D:\WorkStation\Research\GitHub\SensorPlatformSDK\Library\Sensors\UDPReceiver\x64\Debug\link.read.1.tlog
D:\WorkStation\Research\GitHub\SensorPlatformSDK\Library\Sensors\UDPReceiver\x64\Debug\link.write.1.tlog
D:\WorkStation\Research\GitHub\SensorPlatformSDK\Library\Sensors\UDPReceiver\x64\Debug\mt.command.1.tlog
D:\WorkStation\Research\GitHub\SensorPlatformSDK\Library\Sensors\UDPReceiver\x64\Debug\mt.read.1.tlog
D:\WorkStation\Research\GitHub\SensorPlatformSDK\Library\Sensors\UDPReceiver\x64\Debug\mt.write.1.tlog
D:\WORKSTATION\RESEARCH\GITHUB\SENSORPLATFORMSDK\LIBRARY\SENSORS\UDPRECEIVER\X64\DEBUG\UDPRECEIVER.DLL.INTERMEDIATE.MANIFEST
D:\WORKSTATION\RESEARCH\GITHUB\SENSORPLATFORMSDK\LIBRARY\SENSORS\UDPRECEIVER\X64\DEBUG\UDPRECEIVER.OBJ
D:\WorkStation\Research\GitHub\SensorPlatformSDK\Library\Sensors\UDPReceiver\x64\Debug\UDPReceiver.write.1.tlog
D:\WORKSTATION\RESEARCH\GITHUB\SENSORPLATFORMSDK\LIBRARY\SENSORS\UDPRECEIVER\X64\DEBUG\UDPRECEIVER_SENSOR.OBJ
D:\WORKSTATION\RESEARCH\GITHUB\SENSORPLATFORMSDK\LIBRARY\SENSORS\UDPRECEIVER\X64\DEBUG\UDPRECEIVER_SENSORWIDGET.OBJ
D:\WORKSTATION\RESEARCH\GITHUB\SENSORPLATFORMSDK\LIBRARY\SENSORS\UDPRECEIVER\X64\DEBUG\UDPRECEIVER_STORAGE.OBJ
D:\WORKSTATION\RESEARCH\GITHUB\SENSORPLATFORMSDK\LIBRARY\SENSORS\UDPRECEIVER\X64\DEBUG\UDPRECEIVER_STORAGEWIDGET.OBJ
D:\WORKSTATION\RESEARCH\GITHUB\SENSORPLATFORMSDK\LIBRARY\SENSORS\UDPRECEIVER\X64\DEBUG\VC100.PDB
D:\WORKSTATION\RESEARCH\GITHUB\SENSORPLATFORMSDK\LIBRARY\SENSORS\X64\DEBUG\UDPRECEIVER.DLL
D:\WorkStation\Research\GitHub\SensorPlatformSDK\Library\Sensors\x64\Debug\UDPReceiver.exp
D:\WORKSTATION\RESEARCH\GITHUB\SENSORPLATFORMSDK\LIBRARY\SENSORS\X64\DEBUG\UDPRECEIVER.ILK
D:\WorkStation\Research\GitHub\SensorPlatformSDK\Library\Sensors\x64\Debug\UDPReceiver.lib
D:\WORKSTATION\RESEARCH\GITHUB\SENSORPLATFORMSDK\LIBRARY\SENSORS\X64\DEBUG\UDPRECEIVER.PDB
