C:\POSSDEMO\GITHUB\HMW-ALEXANDER\SENSORPLATFORMSDK\TOOLS\FUNCMODULECREATOR\GENERATEDFILES\DEBUG\MOC_MAINWINDOW.CPP
C:\POSSDEMO\GITHUB\HMW-ALEXANDER\SENSORPLATFORMSDK\TOOLS\FUNCMODULECREATOR\GENERATEDFILES\QRC_FUNCMODULECREATOR.CPP
C:\POSSDEMO\GITHUB\HMW-ALEXANDER\SENSORPLATFORMSDK\TOOLS\FUNCMODULECREATOR\GENERATEDFILES\UI_MAINWINDOW.H
C:\PossDemo\GitHub\HMW-Alexander\SensorPlatformSDK\Tools\FuncModuleCreator\x64\Debug\cl.command.1.tlog
C:\PossDemo\GitHub\HMW-Alexander\SensorPlatformSDK\Tools\FuncModuleCreator\x64\Debug\CL.read.1.tlog
C:\PossDemo\GitHub\HMW-Alexander\SensorPlatformSDK\Tools\FuncModuleCreator\x64\Debug\CL.write.1.tlog
C:\PossDemo\GitHub\HMW-Alexander\SensorPlatformSDK\Tools\FuncModuleCreator\x64\Debug\custombuild.command.1.tlog
C:\PossDemo\GitHub\HMW-Alexander\SensorPlatformSDK\Tools\FuncModuleCreator\x64\Debug\custombuild.read.1.tlog
C:\PossDemo\GitHub\HMW-Alexander\SensorPlatformSDK\Tools\FuncModuleCreator\x64\Debug\custombuild.write.1.tlog
C:\POSSDEMO\GITHUB\HMW-ALEXANDER\SENSORPLATFORMSDK\TOOLS\FUNCMODULECREATOR\X64\DEBUG\FUNCMODULECREATOR.EXE.INTERMEDIATE.MANIFEST
C:\PossDemo\GitHub\HMW-Alexander\SensorPlatformSDK\Tools\FuncModuleCreator\x64\Debug\link.command.1.tlog
C:\PossDemo\GitHub\HMW-Alexander\SensorPlatformSDK\Tools\FuncModuleCreator\x64\Debug\link.read.1.tlog
C:\PossDemo\GitHub\HMW-Alexander\SensorPlatformSDK\Tools\FuncModuleCreator\x64\Debug\link.read.2.tlog
C:\PossDemo\GitHub\HMW-Alexander\SensorPlatformSDK\Tools\FuncModuleCreator\x64\Debug\link.write.1.tlog
C:\POSSDEMO\GITHUB\HMW-ALEXANDER\SENSORPLATFORMSDK\TOOLS\FUNCMODULECREATOR\X64\DEBUG\MAIN.OBJ
C:\POSSDEMO\GITHUB\HMW-ALEXANDER\SENSORPLATFORMSDK\TOOLS\FUNCMODULECREATOR\X64\DEBUG\MAINWINDOW.OBJ
C:\POSSDEMO\GITHUB\HMW-ALEXANDER\SENSORPLATFORMSDK\TOOLS\FUNCMODULECREATOR\X64\DEBUG\MOC_MAINWINDOW.OBJ
C:\PossDemo\GitHub\HMW-Alexander\SensorPlatformSDK\Tools\FuncModuleCreator\x64\Debug\mt.command.1.tlog
C:\PossDemo\GitHub\HMW-Alexander\SensorPlatformSDK\Tools\FuncModuleCreator\x64\Debug\mt.read.1.tlog
C:\PossDemo\GitHub\HMW-Alexander\SensorPlatformSDK\Tools\FuncModuleCreator\x64\Debug\mt.write.1.tlog
C:\POSSDEMO\GITHUB\HMW-ALEXANDER\SENSORPLATFORMSDK\TOOLS\FUNCMODULECREATOR\X64\DEBUG\QRC_FUNCMODULECREATOR.OBJ
C:\POSSDEMO\GITHUB\HMW-ALEXANDER\SENSORPLATFORMSDK\TOOLS\FUNCMODULECREATOR\X64\DEBUG\VC100.PDB
C:\POSSDEMO\GITHUB\HMW-ALEXANDER\SENSORPLATFORMSDK\TOOLS\X64\DEBUG\FUNCMODULECREATOR.EXE
C:\POSSDEMO\GITHUB\HMW-ALEXANDER\SENSORPLATFORMSDK\TOOLS\X64\DEBUG\FUNCMODULECREATOR.ILK
C:\POSSDEMO\GITHUB\HMW-ALEXANDER\SENSORPLATFORMSDK\TOOLS\X64\DEBUG\FUNCMODULECREATOR.PDB
