C:\POSS_Demo\GitHub\HMW-Alexander\SensorPlatformSDK\Library\Sensors\PointGreyFlea2\x64\Debug\cl.command.1.tlog
C:\POSS_Demo\GitHub\HMW-Alexander\SensorPlatformSDK\Library\Sensors\PointGreyFlea2\x64\Debug\CL.read.1.tlog
C:\POSS_Demo\GitHub\HMW-Alexander\SensorPlatformSDK\Library\Sensors\PointGreyFlea2\x64\Debug\CL.write.1.tlog
C:\POSS_Demo\GitHub\HMW-Alexander\SensorPlatformSDK\Library\Sensors\PointGreyFlea2\x64\Debug\link.command.1.tlog
C:\POSS_Demo\GitHub\HMW-Alexander\SensorPlatformSDK\Library\Sensors\PointGreyFlea2\x64\Debug\link.read.1.tlog
C:\POSS_Demo\GitHub\HMW-Alexander\SensorPlatformSDK\Library\Sensors\PointGreyFlea2\x64\Debug\link.write.1.tlog
C:\POSS_Demo\GitHub\HMW-Alexander\SensorPlatformSDK\Library\Sensors\PointGreyFlea2\x64\Debug\mt.command.1.tlog
C:\POSS_Demo\GitHub\HMW-Alexander\SensorPlatformSDK\Library\Sensors\PointGreyFlea2\x64\Debug\mt.read.1.tlog
C:\POSS_Demo\GitHub\HMW-Alexander\SensorPlatformSDK\Library\Sensors\PointGreyFlea2\x64\Debug\mt.write.1.tlog
C:\POSS_DEMO\GITHUB\HMW-ALEXANDER\SENSORPLATFORMSDK\LIBRARY\SENSORS\POINTGREYFLEA2\X64\DEBUG\POINTGREYFLEA2.DLL.INTERMEDIATE.MANIFEST
C:\POSS_DEMO\GITHUB\HMW-ALEXANDER\SENSORPLATFORMSDK\LIBRARY\SENSORS\POINTGREYFLEA2\X64\DEBUG\POINTGREYFLEA2.OBJ
C:\POSS_Demo\GitHub\HMW-Alexander\SensorPlatformSDK\Library\Sensors\PointGreyFlea2\x64\Debug\PointGreyFlea2.write.1.tlog
C:\POSS_DEMO\GITHUB\HMW-ALEXANDER\SENSORPLATFORMSDK\LIBRARY\SENSORS\POINTGREYFLEA2\X64\DEBUG\POINTGREYFLEA2_SENSOR.OBJ
C:\POSS_DEMO\GITHUB\HMW-ALEXANDER\SENSORPLATFORMSDK\LIBRARY\SENSORS\POINTGREYFLEA2\X64\DEBUG\POINTGREYFLEA2_SENSORWIDGET.OBJ
C:\POSS_DEMO\GITHUB\HMW-ALEXANDER\SENSORPLATFORMSDK\LIBRARY\SENSORS\POINTGREYFLEA2\X64\DEBUG\POINTGREYFLEA2_SIMULATOR.OBJ
C:\POSS_DEMO\GITHUB\HMW-ALEXANDER\SENSORPLATFORMSDK\LIBRARY\SENSORS\POINTGREYFLEA2\X64\DEBUG\POINTGREYFLEA2_STORAGE.OBJ
C:\POSS_DEMO\GITHUB\HMW-ALEXANDER\SENSORPLATFORMSDK\LIBRARY\SENSORS\POINTGREYFLEA2\X64\DEBUG\POINTGREYFLEA2_STORAGEWIDGET.OBJ
C:\POSS_DEMO\GITHUB\HMW-ALEXANDER\SENSORPLATFORMSDK\LIBRARY\SENSORS\POINTGREYFLEA2\X64\DEBUG\VC100.PDB
C:\POSS_DEMO\GITHUB\HMW-ALEXANDER\SENSORPLATFORMSDK\LIBRARY\SENSORS\X64\DEBUG\POINTGREYFLEA2.DLL
C:\POSS_Demo\GitHub\HMW-Alexander\SensorPlatformSDK\Library\Sensors\x64\Debug\PointGreyFlea2.exp
C:\POSS_DEMO\GITHUB\HMW-ALEXANDER\SENSORPLATFORMSDK\LIBRARY\SENSORS\X64\DEBUG\POINTGREYFLEA2.ILK
C:\POSS_Demo\GitHub\HMW-Alexander\SensorPlatformSDK\Library\Sensors\x64\Debug\PointGreyFlea2.lib
C:\POSS_DEMO\GITHUB\HMW-ALEXANDER\SENSORPLATFORMSDK\LIBRARY\SENSORS\X64\DEBUG\POINTGREYFLEA2.PDB
