Build started 2013-12-20 20:07:35.
     1>Project "C:\POSS_Demo\GitHub\HMW-Alexander\SensorPlatformSDK\Library\Sensors\PointGreyFlea2\PointGreyFlea2.vcxproj" on node 7 (rebuild target(s)).
     1>_PrepareForClean:
         Deleting file "x64\Debug\PointGreyFlea2.lastbuildstate".
       InitializeBuildStatus:
         Creating "x64\Debug\PointGreyFlea2.unsuccessfulbuild" because "AlwaysCreate" was specified.
       ClCompile:
         C:\Program Files (x86)\Microsoft Visual Studio 10.0\VC\bin\x86_amd64\CL.exe /c /I.\GeneratedFiles /I. /I"C:\SDK\Qt\qt-4.8.5\include" /I.\GeneratedFiles\Debug /I"C:\SDK\Qt\qt-4.8.5\include\QtCore" /I"C:\SDK\Qt\qt-4.8.5\include\QtGui" /Zi /nologo /W1 /WX- /Od /D UNICODE /D WIN32 /D QT_DLL /D QT_CORE_LIB /D QT_GUI_LIB /D POINTGREYFLEA2_LIB /D _WINDLL /Gm- /EHsc /MDd /GS /fp:precise /Zc:wchar_t- /Zc:forScope /Fo"x64\Debug\\" /Fd"x64\Debug\vc100.pdb" /Gd /TP /errorReport:prompt PointGreyFlea2.cpp PointGreyFlea2_sensor.cpp PointGreyFlea2_sensorwidget.cpp PointGreyFlea2_simulator.cpp PointGreyFlea2_storage.cpp PointGreyFlea2_storagewidget.cpp
         PointGreyFlea2.cpp
     1>C:\Program Files\Point Grey Research\FlyCapture2\include\FlyCapture2.h : warning C4819: The file contains a character that cannot be represented in the current code page (936). Save the file in Unicode format to prevent data loss
     1>c:\program files\point grey research\flycapture2\include\FlyCapture2Defs.h : warning C4819: The file contains a character that cannot be represented in the current code page (936). Save the file in Unicode format to prevent data loss
     1>c:\program files\point grey research\flycapture2\include\Error.h : warning C4819: The file contains a character that cannot be represented in the current code page (936). Save the file in Unicode format to prevent data loss
     1>c:\program files\point grey research\flycapture2\include\FlyCapture2Defs.h : warning C4819: The file contains a character that cannot be represented in the current code page (936). Save the file in Unicode format to prevent data loss
     1>c:\program files\point grey research\flycapture2\include\FlyCapture2Defs.h : warning C4819: The file contains a character that cannot be represented in the current code page (936). Save the file in Unicode format to prevent data loss
     1>c:\program files\point grey research\flycapture2\include\Camera.h : warning C4819: The file contains a character that cannot be represented in the current code page (936). Save the file in Unicode format to prevent data loss
     1>c:\program files\point grey research\flycapture2\include\CameraBase.h : warning C4819: The file contains a character that cannot be represented in the current code page (936). Save the file in Unicode format to prevent data loss
     1>c:\program files\point grey research\flycapture2\include\FlyCapture2Defs.h : warning C4819: The file contains a character that cannot be represented in the current code page (936). Save the file in Unicode format to prevent data loss
     1>c:\program files\point grey research\flycapture2\include\GigECamera.h : warning C4819: The file contains a character that cannot be represented in the current code page (936). Save the file in Unicode format to prevent data loss
     1>c:\program files\point grey research\flycapture2\include\CameraBase.h : warning C4819: The file contains a character that cannot be represented in the current code page (936). Save the file in Unicode format to prevent data loss
     1>c:\program files\point grey research\flycapture2\include\Image.h : warning C4819: The file contains a character that cannot be represented in the current code page (936). Save the file in Unicode format to prevent data loss
     1>c:\program files\point grey research\flycapture2\include\FlyCapture2Defs.h : warning C4819: The file contains a character that cannot be represented in the current code page (936). Save the file in Unicode format to prevent data loss
     1>c:\program files\point grey research\flycapture2\include\Utilities.h : warning C4819: The file contains a character that cannot be represented in the current code page (936). Save the file in Unicode format to prevent data loss
     1>c:\program files\point grey research\flycapture2\include\FlyCapture2Defs.h : warning C4819: The file contains a character that cannot be represented in the current code page (936). Save the file in Unicode format to prevent data loss
     1>c:\program files\point grey research\flycapture2\include\FlyCapture2Defs.h : warning C4819: The file contains a character that cannot be represented in the current code page (936). Save the file in Unicode format to prevent data loss
     1>c:\program files\point grey research\flycapture2\include\FlyCapture2Defs.h : warning C4819: The file contains a character that cannot be represented in the current code page (936). Save the file in Unicode format to prevent data loss
     1>c:\program files\point grey research\flycapture2\include\FlyCapture2Defs.h : warning C4819: The file contains a character that cannot be represented in the current code page (936). Save the file in Unicode format to prevent data loss
         PointGreyFlea2_sensor.cpp
     1>C:\Program Files\Point Grey Research\FlyCapture2\include\FlyCapture2.h : warning C4819: The file contains a character that cannot be represented in the current code page (936). Save the file in Unicode format to prevent data loss
     1>c:\program files\point grey research\flycapture2\include\FlyCapture2Defs.h : warning C4819: The file contains a character that cannot be represented in the current code page (936). Save the file in Unicode format to prevent data loss
     1>c:\program files\point grey research\flycapture2\include\Error.h : warning C4819: The file contains a character that cannot be represented in the current code page (936). Save the file in Unicode format to prevent data loss
     1>c:\program files\point grey research\flycapture2\include\FlyCapture2Defs.h : warning C4819: The file contains a character that cannot be represented in the current code page (936). Save the file in Unicode format to prevent data loss
     1>c:\program files\point grey research\flycapture2\include\FlyCapture2Defs.h : warning C4819: The file contains a character that cannot be represented in the current code page (936). Save the file in Unicode format to prevent data loss
     1>c:\program files\point grey research\flycapture2\include\Camera.h : warning C4819: The file contains a character that cannot be represented in the current code page (936). Save the file in Unicode format to prevent data loss
     1>c:\program files\point grey research\flycapture2\include\CameraBase.h : warning C4819: The file contains a character that cannot be represented in the current code page (936). Save the file in Unicode format to prevent data loss
     1>c:\program files\point grey research\flycapture2\include\FlyCapture2Defs.h : warning C4819: The file contains a character that cannot be represented in the current code page (936). Save the file in Unicode format to prevent data loss
     1>c:\program files\point grey research\flycapture2\include\GigECamera.h : warning C4819: The file contains a character that cannot be represented in the current code page (936). Save the file in Unicode format to prevent data loss
     1>c:\program files\point grey research\flycapture2\include\CameraBase.h : warning C4819: The file contains a character that cannot be represented in the current code page (936). Save the file in Unicode format to prevent data loss
     1>c:\program files\point grey research\flycapture2\include\Image.h : warning C4819: The file contains a character that cannot be represented in the current code page (936). Save the file in Unicode format to prevent data loss
     1>c:\program files\point grey research\flycapture2\include\FlyCapture2Defs.h : warning C4819: The file contains a character that cannot be represented in the current code page (936). Save the file in Unicode format to prevent data loss
     1>c:\program files\point grey research\flycapture2\include\Utilities.h : warning C4819: The file contains a character that cannot be represented in the current code page (936). Save the file in Unicode format to prevent data loss
     1>c:\program files\point grey research\flycapture2\include\FlyCapture2Defs.h : warning C4819: The file contains a character that cannot be represented in the current code page (936). Save the file in Unicode format to prevent data loss
     1>c:\program files\point grey research\flycapture2\include\FlyCapture2Defs.h : warning C4819: The file contains a character that cannot be represented in the current code page (936). Save the file in Unicode format to prevent data loss
     1>c:\program files\point grey research\flycapture2\include\FlyCapture2Defs.h : warning C4819: The file contains a character that cannot be represented in the current code page (936). Save the file in Unicode format to prevent data loss
     1>c:\program files\point grey research\flycapture2\include\FlyCapture2Defs.h : warning C4819: The file contains a character that cannot be represented in the current code page (936). Save the file in Unicode format to prevent data loss
         PointGreyFlea2_sensorwidget.cpp
     1>C:\Program Files\Point Grey Research\FlyCapture2\include\FlyCapture2.h : warning C4819: The file contains a character that cannot be represented in the current code page (936). Save the file in Unicode format to prevent data loss
     1>c:\program files\point grey research\flycapture2\include\FlyCapture2Defs.h : warning C4819: The file contains a character that cannot be represented in the current code page (936). Save the file in Unicode format to prevent data loss
     1>c:\program files\point grey research\flycapture2\include\Error.h : warning C4819: The file contains a character that cannot be represented in the current code page (936). Save the file in Unicode format to prevent data loss
     1>c:\program files\point grey research\flycapture2\include\FlyCapture2Defs.h : warning C4819: The file contains a character that cannot be represented in the current code page (936). Save the file in Unicode format to prevent data loss
     1>c:\program files\point grey research\flycapture2\include\FlyCapture2Defs.h : warning C4819: The file contains a character that cannot be represented in the current code page (936). Save the file in Unicode format to prevent data loss
     1>c:\program files\point grey research\flycapture2\include\Camera.h : warning C4819: The file contains a character that cannot be represented in the current code page (936). Save the file in Unicode format to prevent data loss
     1>c:\program files\point grey research\flycapture2\include\CameraBase.h : warning C4819: The file contains a character that cannot be represented in the current code page (936). Save the file in Unicode format to prevent data loss
     1>c:\program files\point grey research\flycapture2\include\FlyCapture2Defs.h : warning C4819: The file contains a character that cannot be represented in the current code page (936). Save the file in Unicode format to prevent data loss
     1>c:\program files\point grey research\flycapture2\include\GigECamera.h : warning C4819: The file contains a character that cannot be represented in the current code page (936). Save the file in Unicode format to prevent data loss
     1>c:\program files\point grey research\flycapture2\include\CameraBase.h : warning C4819: The file contains a character that cannot be represented in the current code page (936). Save the file in Unicode format to prevent data loss
     1>c:\program files\point grey research\flycapture2\include\Image.h : warning C4819: The file contains a character that cannot be represented in the current code page (936). Save the file in Unicode format to prevent data loss
     1>c:\program files\point grey research\flycapture2\include\FlyCapture2Defs.h : warning C4819: The file contains a character that cannot be represented in the current code page (936). Save the file in Unicode format to prevent data loss
     1>c:\program files\point grey research\flycapture2\include\Utilities.h : warning C4819: The file contains a character that cannot be represented in the current code page (936). Save the file in Unicode format to prevent data loss
     1>c:\program files\point grey research\flycapture2\include\FlyCapture2Defs.h : warning C4819: The file contains a character that cannot be represented in the current code page (936). Save the file in Unicode format to prevent data loss
     1>c:\program files\point grey research\flycapture2\include\FlyCapture2Defs.h : warning C4819: The file contains a character that cannot be represented in the current code page (936). Save the file in Unicode format to prevent data loss
     1>c:\program files\point grey research\flycapture2\include\FlyCapture2Defs.h : warning C4819: The file contains a character that cannot be represented in the current code page (936). Save the file in Unicode format to prevent data loss
     1>c:\program files\point grey research\flycapture2\include\FlyCapture2Defs.h : warning C4819: The file contains a character that cannot be represented in the current code page (936). Save the file in Unicode format to prevent data loss
         PointGreyFlea2_simulator.cpp
         PointGreyFlea2_storage.cpp
     1>C:\Program Files\Point Grey Research\FlyCapture2\include\FlyCapture2.h : warning C4819: The file contains a character that cannot be represented in the current code page (936). Save the file in Unicode format to prevent data loss
     1>c:\program files\point grey research\flycapture2\include\FlyCapture2Defs.h : warning C4819: The file contains a character that cannot be represented in the current code page (936). Save the file in Unicode format to prevent data loss
     1>c:\program files\point grey research\flycapture2\include\Error.h : warning C4819: The file contains a character that cannot be represented in the current code page (936). Save the file in Unicode format to prevent data loss
     1>c:\program files\point grey research\flycapture2\include\FlyCapture2Defs.h : warning C4819: The file contains a character that cannot be represented in the current code page (936). Save the file in Unicode format to prevent data loss
     1>c:\program files\point grey research\flycapture2\include\FlyCapture2Defs.h : warning C4819: The file contains a character that cannot be represented in the current code page (936). Save the file in Unicode format to prevent data loss
     1>c:\program files\point grey research\flycapture2\include\Camera.h : warning C4819: The file contains a character that cannot be represented in the current code page (936). Save the file in Unicode format to prevent data loss
     1>c:\program files\point grey research\flycapture2\include\CameraBase.h : warning C4819: The file contains a character that cannot be represented in the current code page (936). Save the file in Unicode format to prevent data loss
     1>c:\program files\point grey research\flycapture2\include\FlyCapture2Defs.h : warning C4819: The file contains a character that cannot be represented in the current code page (936). Save the file in Unicode format to prevent data loss
     1>c:\program files\point grey research\flycapture2\include\GigECamera.h : warning C4819: The file contains a character that cannot be represented in the current code page (936). Save the file in Unicode format to prevent data loss
     1>c:\program files\point grey research\flycapture2\include\CameraBase.h : warning C4819: The file contains a character that cannot be represented in the current code page (936). Save the file in Unicode format to prevent data loss
     1>c:\program files\point grey research\flycapture2\include\Image.h : warning C4819: The file contains a character that cannot be represented in the current code page (936). Save the file in Unicode format to prevent data loss
     1>c:\program files\point grey research\flycapture2\include\FlyCapture2Defs.h : warning C4819: The file contains a character that cannot be represented in the current code page (936). Save the file in Unicode format to prevent data loss
     1>c:\program files\point grey research\flycapture2\include\Utilities.h : warning C4819: The file contains a character that cannot be represented in the current code page (936). Save the file in Unicode format to prevent data loss
     1>c:\program files\point grey research\flycapture2\include\FlyCapture2Defs.h : warning C4819: The file contains a character that cannot be represented in the current code page (936). Save the file in Unicode format to prevent data loss
     1>c:\program files\point grey research\flycapture2\include\FlyCapture2Defs.h : warning C4819: The file contains a character that cannot be represented in the current code page (936). Save the file in Unicode format to prevent data loss
     1>c:\program files\point grey research\flycapture2\include\FlyCapture2Defs.h : warning C4819: The file contains a character that cannot be represented in the current code page (936). Save the file in Unicode format to prevent data loss
     1>c:\program files\point grey research\flycapture2\include\FlyCapture2Defs.h : warning C4819: The file contains a character that cannot be represented in the current code page (936). Save the file in Unicode format to prevent data loss
         PointGreyFlea2_storagewidget.cpp
     1>C:\Program Files\Point Grey Research\FlyCapture2\include\FlyCapture2.h : warning C4819: The file contains a character that cannot be represented in the current code page (936). Save the file in Unicode format to prevent data loss
     1>c:\program files\point grey research\flycapture2\include\FlyCapture2Defs.h : warning C4819: The file contains a character that cannot be represented in the current code page (936). Save the file in Unicode format to prevent data loss
     1>c:\program files\point grey research\flycapture2\include\Error.h : warning C4819: The file contains a character that cannot be represented in the current code page (936). Save the file in Unicode format to prevent data loss
     1>c:\program files\point grey research\flycapture2\include\FlyCapture2Defs.h : warning C4819: The file contains a character that cannot be represented in the current code page (936). Save the file in Unicode format to prevent data loss
     1>c:\program files\point grey research\flycapture2\include\FlyCapture2Defs.h : warning C4819: The file contains a character that cannot be represented in the current code page (936). Save the file in Unicode format to prevent data loss
     1>c:\program files\point grey research\flycapture2\include\Camera.h : warning C4819: The file contains a character that cannot be represented in the current code page (936). Save the file in Unicode format to prevent data loss
     1>c:\program files\point grey research\flycapture2\include\CameraBase.h : warning C4819: The file contains a character that cannot be represented in the current code page (936). Save the file in Unicode format to prevent data loss
     1>c:\program files\point grey research\flycapture2\include\FlyCapture2Defs.h : warning C4819: The file contains a character that cannot be represented in the current code page (936). Save the file in Unicode format to prevent data loss
     1>c:\program files\point grey research\flycapture2\include\GigECamera.h : warning C4819: The file contains a character that cannot be represented in the current code page (936). Save the file in Unicode format to prevent data loss
     1>c:\program files\point grey research\flycapture2\include\CameraBase.h : warning C4819: The file contains a character that cannot be represented in the current code page (936). Save the file in Unicode format to prevent data loss
     1>c:\program files\point grey research\flycapture2\include\Image.h : warning C4819: The file contains a character that cannot be represented in the current code page (936). Save the file in Unicode format to prevent data loss
     1>c:\program files\point grey research\flycapture2\include\FlyCapture2Defs.h : warning C4819: The file contains a character that cannot be represented in the current code page (936). Save the file in Unicode format to prevent data loss
     1>c:\program files\point grey research\flycapture2\include\Utilities.h : warning C4819: The file contains a character that cannot be represented in the current code page (936). Save the file in Unicode format to prevent data loss
     1>c:\program files\point grey research\flycapture2\include\FlyCapture2Defs.h : warning C4819: The file contains a character that cannot be represented in the current code page (936). Save the file in Unicode format to prevent data loss
     1>c:\program files\point grey research\flycapture2\include\FlyCapture2Defs.h : warning C4819: The file contains a character that cannot be represented in the current code page (936). Save the file in Unicode format to prevent data loss
     1>c:\program files\point grey research\flycapture2\include\FlyCapture2Defs.h : warning C4819: The file contains a character that cannot be represented in the current code page (936). Save the file in Unicode format to prevent data loss
     1>c:\program files\point grey research\flycapture2\include\FlyCapture2Defs.h : warning C4819: The file contains a character that cannot be represented in the current code page (936). Save the file in Unicode format to prevent data loss
         Generating Code...
     1>c:\poss_demo\github\hmw-alexander\sensorplatformsdk\library\sensors\pointgreyflea2\pointgreyflea2_sensor.cpp(139): warning C4715: 'captureData' : not all control paths return a value
       Link:
         C:\Program Files (x86)\Microsoft Visual Studio 10.0\VC\bin\x86_amd64\link.exe /ERRORREPORT:PROMPT /OUT:"C:\POSS_Demo\GitHub\HMW-Alexander\SensorPlatformSDK\Library\Sensors\x64\Debug\\PointGreyFlea2.dll" /NOLOGO /LIBPATH:"C:\SDK\Qt\qt-4.8.5\lib" qtmaind.lib QtCored4.lib QtGuid4.lib kernel32.lib user32.lib gdi32.lib winspool.lib comdlg32.lib advapi32.lib shell32.lib ole32.lib oleaut32.lib uuid.lib odbc32.lib odbccp32.lib /MANIFEST /ManifestFile:"x64\Debug\PointGreyFlea2.dll.intermediate.manifest" /MANIFESTUAC:"level='asInvoker' uiAccess='false'" /DEBUG /PDB:"C:\POSS_Demo\GitHub\HMW-Alexander\SensorPlatformSDK\Library\Sensors\x64\Debug\PointGreyFlea2.pdb" /SUBSYSTEM:WINDOWS /TLBID:1 /DYNAMICBASE /NXCOMPAT /IMPLIB:"C:\POSS_Demo\GitHub\HMW-Alexander\SensorPlatformSDK\Library\Sensors\x64\Debug\PointGreyFlea2.lib" /MACHINE:X64 /DLL x64\Debug\PointGreyFlea2.obj
         x64\Debug\PointGreyFlea2_sensor.obj
         x64\Debug\PointGreyFlea2_sensorwidget.obj
         x64\Debug\PointGreyFlea2_simulator.obj
         x64\Debug\PointGreyFlea2_storage.obj
         x64\Debug\PointGreyFlea2_storagewidget.obj
            Creating library C:\POSS_Demo\GitHub\HMW-Alexander\SensorPlatformSDK\Library\Sensors\x64\Debug\PointGreyFlea2.lib and object C:\POSS_Demo\GitHub\HMW-Alexander\SensorPlatformSDK\Library\Sensors\x64\Debug\PointGreyFlea2.exp
     1>XMLParamsLoader.lib(xmlparamsloader.obj) : warning LNK4099: PDB 'vc100.pdb' was not found with 'XMLParamsLoader.lib(xmlparamsloader.obj)' or at 'C:\POSS_Demo\GitHub\HMW-Alexander\SensorPlatformSDK\Library\Sensors\x64\Debug\vc100.pdb'; linking object as if no debug info
         PointGreyFlea2.vcxproj -> C:\POSS_Demo\GitHub\HMW-Alexander\SensorPlatformSDK\Library\Sensors\x64\Debug\PointGreyFlea2.dll
       Manifest:
         C:\Program Files (x86)\Microsoft SDKs\Windows\v7.0A\bin\mt.exe /nologo /verbose /outputresource:"C:\POSS_Demo\GitHub\HMW-Alexander\SensorPlatformSDK\Library\Sensors\x64\Debug\\PointGreyFlea2.dll;#2" /manifest x64\Debug\PointGreyFlea2.dll.intermediate.manifest
       FinalizeBuildStatus:
         Deleting file "x64\Debug\PointGreyFlea2.unsuccessfulbuild".
         Touching "x64\Debug\PointGreyFlea2.lastbuildstate".
     1>Done Building Project "C:\POSS_Demo\GitHub\HMW-Alexander\SensorPlatformSDK\Library\Sensors\PointGreyFlea2\PointGreyFlea2.vcxproj" (rebuild target(s)).

Build succeeded.

Time Elapsed 00:00:10.67
