C:\POSSDEMO\GITHUB\HMW-ALEXANDER\SENSORPLATFORMSDK\EXAMPLES\POSS_GOBLIN_SIMULATOR\GENERATEDFILES\DEBUG\MOC_POSS_GOBLIN_SIMULATOR.CPP
C:\POSSDEMO\GITHUB\HMW-ALEXANDER\SENSORPLATFORMSDK\EXAMPLES\POSS_GOBLIN_SIMULATOR\GENERATEDFILES\QRC_POSS_GOBLIN_SIMULATOR.CPP
C:\POSSDEMO\GITHUB\HMW-ALEXANDER\SENSORPLATFORMSDK\EXAMPLES\POSS_GOBLIN_SIMULATOR\GENERATEDFILES\UI_POSS_GOBLIN_SIMULATOR.H
C:\PossDemo\GitHub\HMW-Alexander\SensorPlatformSDK\Examples\POSS_Goblin_Simulator\x64\Debug\cl.command.1.tlog
C:\PossDemo\GitHub\HMW-Alexander\SensorPlatformSDK\Examples\POSS_Goblin_Simulator\x64\Debug\CL.read.1.tlog
C:\PossDemo\GitHub\HMW-Alexander\SensorPlatformSDK\Examples\POSS_Goblin_Simulator\x64\Debug\CL.write.1.tlog
C:\PossDemo\GitHub\HMW-Alexander\SensorPlatformSDK\Examples\POSS_Goblin_Simulator\x64\Debug\custombuild.command.1.tlog
C:\PossDemo\GitHub\HMW-Alexander\SensorPlatformSDK\Examples\POSS_Goblin_Simulator\x64\Debug\custombuild.read.1.tlog
C:\PossDemo\GitHub\HMW-Alexander\SensorPlatformSDK\Examples\POSS_Goblin_Simulator\x64\Debug\custombuild.write.1.tlog
C:\PossDemo\GitHub\HMW-Alexander\SensorPlatformSDK\Examples\POSS_Goblin_Simulator\x64\Debug\link.command.1.tlog
C:\PossDemo\GitHub\HMW-Alexander\SensorPlatformSDK\Examples\POSS_Goblin_Simulator\x64\Debug\link.read.1.tlog
C:\PossDemo\GitHub\HMW-Alexander\SensorPlatformSDK\Examples\POSS_Goblin_Simulator\x64\Debug\link.read.2.tlog
C:\PossDemo\GitHub\HMW-Alexander\SensorPlatformSDK\Examples\POSS_Goblin_Simulator\x64\Debug\link.write.1.tlog
C:\POSSDEMO\GITHUB\HMW-ALEXANDER\SENSORPLATFORMSDK\EXAMPLES\POSS_GOBLIN_SIMULATOR\X64\DEBUG\MAIN.OBJ
C:\POSSDEMO\GITHUB\HMW-ALEXANDER\SENSORPLATFORMSDK\EXAMPLES\POSS_GOBLIN_SIMULATOR\X64\DEBUG\MOC_POSS_GOBLIN_SIMULATOR.OBJ
C:\PossDemo\GitHub\HMW-Alexander\SensorPlatformSDK\Examples\POSS_Goblin_Simulator\x64\Debug\mt.command.1.tlog
C:\PossDemo\GitHub\HMW-Alexander\SensorPlatformSDK\Examples\POSS_Goblin_Simulator\x64\Debug\mt.read.1.tlog
C:\PossDemo\GitHub\HMW-Alexander\SensorPlatformSDK\Examples\POSS_Goblin_Simulator\x64\Debug\mt.write.1.tlog
C:\POSSDEMO\GITHUB\HMW-ALEXANDER\SENSORPLATFORMSDK\EXAMPLES\POSS_GOBLIN_SIMULATOR\X64\DEBUG\POSS_GOBLIN_SIMULATOR.EXE.INTERMEDIATE.MANIFEST
C:\POSSDEMO\GITHUB\HMW-ALEXANDER\SENSORPLATFORMSDK\EXAMPLES\POSS_GOBLIN_SIMULATOR\X64\DEBUG\POSS_GOBLIN_SIMULATOR.OBJ
C:\POSSDEMO\GITHUB\HMW-ALEXANDER\SENSORPLATFORMSDK\EXAMPLES\POSS_GOBLIN_SIMULATOR\X64\DEBUG\QRC_POSS_GOBLIN_SIMULATOR.OBJ
C:\POSSDEMO\GITHUB\HMW-ALEXANDER\SENSORPLATFORMSDK\EXAMPLES\POSS_GOBLIN_SIMULATOR\X64\DEBUG\VC100.PDB
C:\POSSDEMO\GITHUB\HMW-ALEXANDER\SENSORPLATFORMSDK\EXAMPLES\X64\DEBUG\POSS_GOBLIN_SIMULATOR.EXE
C:\POSSDEMO\GITHUB\HMW-ALEXANDER\SENSORPLATFORMSDK\EXAMPLES\X64\DEBUG\POSS_GOBLIN_SIMULATOR.ILK
C:\POSSDEMO\GITHUB\HMW-ALEXANDER\SENSORPLATFORMSDK\EXAMPLES\X64\DEBUG\POSS_GOBLIN_SIMULATOR.PDB
