Build started 2014/1/3 17:16:59.
     1>Project "C:\PossDemo\GitHub\HMW-Alexander\SensorPlatformSDK\Examples\POSS_Goblin_Simulator\POSS_Goblin_Simulator.vcxproj" on node 2 (build target(s)).
     1>InitializeBuildStatus:
         Creating "x64\Debug\POSS_Goblin_Simulator.unsuccessfulbuild" because "AlwaysCreate" was specified.
       CustomBuild:
         All outputs are up-to-date.
       ClCompile:
         C:\Program Files (x86)\Microsoft Visual Studio 10.0\VC\bin\x86_amd64\CL.exe /c /I.\GeneratedFiles /I. /I"C:\SDK\Qt\qt-4.8.5\include" /I.\GeneratedFiles\Debug /I"C:\SDK\Qt\qt-4.8.5\include\QtCore" /I"C:\SDK\Qt\qt-4.8.5\include\QtGui" /Zi /nologo /W1 /WX- /Od /D UNICODE /D WIN32 /D QT_DLL /D QT_CORE_LIB /D QT_GUI_LIB /Gm- /EHsc /MDd /GS /fp:precise /Zc:wchar_t- /Zc:forScope /Fo"x64\Debug\\" /Fd"x64\Debug\vc100.pdb" /Gd /TP /errorReport:prompt GeneratedFiles\Debug\moc_poss_goblin_simulator.cpp main.cpp poss_goblin_simulator.cpp
         moc_poss_goblin_simulator.cpp
         main.cpp
         poss_goblin_simulator.cpp
         Generating Code...
         All outputs are up-to-date.
       Link:
         C:\Program Files (x86)\Microsoft Visual Studio 10.0\VC\bin\x86_amd64\link.exe /ERRORREPORT:PROMPT /OUT:"C:\PossDemo\GitHub\HMW-Alexander\SensorPlatformSDK\Examples\x64\Debug\\POSS_Goblin_Simulator.exe" /NOLOGO /LIBPATH:"C:\SDK\Qt\qt-4.8.5\lib" qtmaind.lib QtCored4.lib QtGuid4.lib kernel32.lib user32.lib gdi32.lib winspool.lib comdlg32.lib advapi32.lib shell32.lib ole32.lib oleaut32.lib uuid.lib odbc32.lib odbccp32.lib /MANIFEST /ManifestFile:"x64\Debug\POSS_Goblin_Simulator.exe.intermediate.manifest" /MANIFESTUAC:"level='asInvoker' uiAccess='false'" /DEBUG /PDB:"C:\PossDemo\GitHub\HMW-Alexander\SensorPlatformSDK\Examples\x64\Debug\POSS_Goblin_Simulator.pdb" /SUBSYSTEM:WINDOWS /TLBID:1 /DYNAMICBASE /NXCOMPAT /IMPLIB:"C:\PossDemo\GitHub\HMW-Alexander\SensorPlatformSDK\Examples\x64\Debug\POSS_Goblin_Simulator.lib" /MACHINE:X64 x64\Debug\moc_poss_goblin_simulator.obj
         x64\Debug\qrc_poss_goblin_simulator.obj
         x64\Debug\main.obj
         x64\Debug\poss_goblin_simulator.obj
         LINK : C:\PossDemo\GitHub\HMW-Alexander\SensorPlatformSDK\Examples\x64\Debug\\POSS_Goblin_Simulator.exe not found or not built by the last incremental link; performing full link
     1>qtmaind.lib(qtmain_win.obj) : warning LNK4099: PDB 'vc100.pdb' was not found with 'qtmaind.lib(qtmain_win.obj)' or at 'C:\PossDemo\GitHub\HMW-Alexander\SensorPlatformSDK\Examples\x64\Debug\vc100.pdb'; linking object as if no debug info
         POSS_Goblin_Simulator.vcxproj -> C:\PossDemo\GitHub\HMW-Alexander\SensorPlatformSDK\Examples\x64\Debug\POSS_Goblin_Simulator.exe
       Manifest:
         C:\Program Files (x86)\Microsoft SDKs\Windows\v7.0A\bin\mt.exe /nologo /verbose /outputresource:"C:\PossDemo\GitHub\HMW-Alexander\SensorPlatformSDK\Examples\x64\Debug\\POSS_Goblin_Simulator.exe;#1" /manifest x64\Debug\POSS_Goblin_Simulator.exe.intermediate.manifest
       FinalizeBuildStatus:
         Deleting file "x64\Debug\POSS_Goblin_Simulator.unsuccessfulbuild".
         Touching "x64\Debug\POSS_Goblin_Simulator.lastbuildstate".
     1>Done Building Project "C:\PossDemo\GitHub\HMW-Alexander\SensorPlatformSDK\Examples\POSS_Goblin_Simulator\POSS_Goblin_Simulator.vcxproj" (build target(s)).

Build succeeded.

Time Elapsed 00:00:03.08
