C:\POSSDEMO\GITHUB\HMW-ALEXANDER\SENSORPLATFORMSDK\EXAMPLES\TSUKUBA\GENERATEDFILES\DEBUG\MOC_TSUKUBA.CPP
C:\POSSDEMO\GITHUB\HMW-ALEXANDER\SENSORPLATFORMSDK\EXAMPLES\TSUKUBA\GENERATEDFILES\QRC_TSUKUBA.CPP
C:\POSSDEMO\GITHUB\HMW-ALEXANDER\SENSORPLATFORMSDK\EXAMPLES\TSUKUBA\GENERATEDFILES\UI_TSUKUBA.H
C:\PossDemo\GitHub\HMW-Alexander\SensorPlatformSDK\Examples\Tsukuba\x64\Debug\cl.command.1.tlog
C:\PossDemo\GitHub\HMW-Alexander\SensorPlatformSDK\Examples\Tsukuba\x64\Debug\CL.read.1.tlog
C:\PossDemo\GitHub\HMW-Alexander\SensorPlatformSDK\Examples\Tsukuba\x64\Debug\CL.write.1.tlog
C:\PossDemo\GitHub\HMW-Alexander\SensorPlatformSDK\Examples\Tsukuba\x64\Debug\custombuild.command.1.tlog
C:\PossDemo\GitHub\HMW-Alexander\SensorPlatformSDK\Examples\Tsukuba\x64\Debug\custombuild.read.1.tlog
C:\PossDemo\GitHub\HMW-Alexander\SensorPlatformSDK\Examples\Tsukuba\x64\Debug\custombuild.write.1.tlog
C:\PossDemo\GitHub\HMW-Alexander\SensorPlatformSDK\Examples\Tsukuba\x64\Debug\link.command.1.tlog
C:\PossDemo\GitHub\HMW-Alexander\SensorPlatformSDK\Examples\Tsukuba\x64\Debug\link.read.1.tlog
C:\PossDemo\GitHub\HMW-Alexander\SensorPlatformSDK\Examples\Tsukuba\x64\Debug\link.read.2.tlog
C:\PossDemo\GitHub\HMW-Alexander\SensorPlatformSDK\Examples\Tsukuba\x64\Debug\link.write.1.tlog
C:\POSSDEMO\GITHUB\HMW-ALEXANDER\SENSORPLATFORMSDK\EXAMPLES\TSUKUBA\X64\DEBUG\MAIN.OBJ
C:\POSSDEMO\GITHUB\HMW-ALEXANDER\SENSORPLATFORMSDK\EXAMPLES\TSUKUBA\X64\DEBUG\MOC_TSUKUBA.OBJ
C:\PossDemo\GitHub\HMW-Alexander\SensorPlatformSDK\Examples\Tsukuba\x64\Debug\mt.command.1.tlog
C:\PossDemo\GitHub\HMW-Alexander\SensorPlatformSDK\Examples\Tsukuba\x64\Debug\mt.read.1.tlog
C:\PossDemo\GitHub\HMW-Alexander\SensorPlatformSDK\Examples\Tsukuba\x64\Debug\mt.write.1.tlog
C:\POSSDEMO\GITHUB\HMW-ALEXANDER\SENSORPLATFORMSDK\EXAMPLES\TSUKUBA\X64\DEBUG\QRC_TSUKUBA.OBJ
C:\POSSDEMO\GITHUB\HMW-ALEXANDER\SENSORPLATFORMSDK\EXAMPLES\TSUKUBA\X64\DEBUG\TSUKUBA.EXE.INTERMEDIATE.MANIFEST
C:\POSSDEMO\GITHUB\HMW-ALEXANDER\SENSORPLATFORMSDK\EXAMPLES\TSUKUBA\X64\DEBUG\TSUKUBA.OBJ
C:\POSSDEMO\GITHUB\HMW-ALEXANDER\SENSORPLATFORMSDK\EXAMPLES\TSUKUBA\X64\DEBUG\VC100.PDB
C:\POSSDEMO\GITHUB\HMW-ALEXANDER\SENSORPLATFORMSDK\EXAMPLES\X64\DEBUG\TSUKUBA.EXE
C:\POSSDEMO\GITHUB\HMW-ALEXANDER\SENSORPLATFORMSDK\EXAMPLES\X64\DEBUG\TSUKUBA.ILK
C:\POSSDEMO\GITHUB\HMW-ALEXANDER\SENSORPLATFORMSDK\EXAMPLES\X64\DEBUG\TSUKUBA.PDB
