Build started 2013/10/17 14:10:19.
     1>Project "C:\PossDemo\GitHub\HMW-Alexander\SensorPlatformSDK\Examples\Tsukuba\Tsukuba.vcxproj" on node 2 (rebuild target(s)).
     1>_PrepareForClean:
         Deleting file "x64\Debug\Tsukuba.lastbuildstate".
       InitializeBuildStatus:
         Touching "x64\Debug\Tsukuba.unsuccessfulbuild".
       CustomBuild:
         Moc'ing tsukuba.h...
         Uic'ing tsukuba.ui...
         Rcc'ing tsukuba.qrc...
     1>RCC : warning : No resources in 'C:\PossDemo\GitHub\HMW-Alexander\SensorPlatformSDK\Examples\Tsukuba\tsukuba.qrc'.
         
       ClCompile:
         C:\Program Files (x86)\Microsoft Visual Studio 10.0\VC\bin\x86_amd64\CL.exe /c /I.\GeneratedFiles /I. /I"C:\SDK\Qt\qt-4.8.5\include" /I.\GeneratedFiles\Debug /I"C:\SDK\Qt\qt-4.8.5\include\QtCore" /I"C:\SDK\Qt\qt-4.8.5\include\QtGui" /Zi /nologo /W1 /WX- /Od /D UNICODE /D WIN32 /D QT_DLL /D QT_CORE_LIB /D QT_GUI_LIB /Gm- /EHsc /MDd /GS /fp:precise /Zc:wchar_t- /Zc:forScope /Fo"x64\Debug\\" /Fd"x64\Debug\vc100.pdb" /Gd /TP /errorReport:prompt GeneratedFiles\Debug\moc_tsukuba.cpp main.cpp tsukuba.cpp
         moc_tsukuba.cpp
         main.cpp
         tsukuba.cpp
         Generating Code...
         C:\Program Files (x86)\Microsoft Visual Studio 10.0\VC\bin\x86_amd64\CL.exe /c /I.\GeneratedFiles /I. /I"C:\SDK\Qt\qt-4.8.5\include" /I.\GeneratedFiles\Debug /I"C:\SDK\Qt\qt-4.8.5\include\QtCore" /I"C:\SDK\Qt\qt-4.8.5\include\QtGui" /Zi /nologo /W1 /WX- /Od /D UNICODE /D WIN32 /D QT_DLL /D QT_CORE_LIB /D QT_GUI_LIB /Gm- /EHsc /MDd /GS /fp:precise /Zc:wchar_t- /Zc:forScope /Fo"x64\Debug\\" /Fd"x64\Debug\vc100.pdb" /Gd /TP /errorReport:prompt GeneratedFiles\qrc_tsukuba.cpp
         qrc_tsukuba.cpp
       Link:
         C:\Program Files (x86)\Microsoft Visual Studio 10.0\VC\bin\x86_amd64\link.exe /ERRORREPORT:PROMPT /OUT:"C:\PossDemo\GitHub\HMW-Alexander\SensorPlatformSDK\Examples\x64\Debug\\Tsukuba.exe" /NOLOGO /LIBPATH:"C:\SDK\Qt\qt-4.8.5\lib" qtmaind.lib QtCored4.lib QtGuid4.lib kernel32.lib user32.lib gdi32.lib winspool.lib comdlg32.lib advapi32.lib shell32.lib ole32.lib oleaut32.lib uuid.lib odbc32.lib odbccp32.lib /MANIFEST /ManifestFile:"x64\Debug\Tsukuba.exe.intermediate.manifest" /MANIFESTUAC:"level='asInvoker' uiAccess='false'" /DEBUG /PDB:"C:\PossDemo\GitHub\HMW-Alexander\SensorPlatformSDK\Examples\x64\Debug\Tsukuba.pdb" /SUBSYSTEM:WINDOWS /TLBID:1 /DYNAMICBASE /NXCOMPAT /IMPLIB:"C:\PossDemo\GitHub\HMW-Alexander\SensorPlatformSDK\Examples\x64\Debug\Tsukuba.lib" /MACHINE:X64 x64\Debug\moc_tsukuba.obj
         x64\Debug\qrc_tsukuba.obj
         x64\Debug\main.obj
         x64\Debug\tsukuba.obj
     1>qtmaind.lib(qtmain_win.obj) : warning LNK4099: PDB 'vc100.pdb' was not found with 'qtmaind.lib(qtmain_win.obj)' or at 'C:\PossDemo\GitHub\HMW-Alexander\SensorPlatformSDK\Examples\x64\Debug\vc100.pdb'; linking object as if no debug info
     1>Sensor.lib(moc_sensor.obj) : warning LNK4099: PDB 'vc100.pdb' was not found with 'Sensor.lib(moc_sensor.obj)' or at 'C:\PossDemo\GitHub\HMW-Alexander\SensorPlatformSDK\Examples\x64\Debug\vc100.pdb'; linking object as if no debug info
     1>Sensor.lib(moc_sensorwidget.obj) : warning LNK4099: PDB 'vc100.pdb' was not found with 'Sensor.lib(moc_sensorwidget.obj)' or at 'C:\PossDemo\GitHub\HMW-Alexander\SensorPlatformSDK\Examples\x64\Debug\vc100.pdb'; linking object as if no debug info
     1>Sensor.lib(sensor.obj) : warning LNK4099: PDB 'vc100.pdb' was not found with 'Sensor.lib(sensor.obj)' or at 'C:\PossDemo\GitHub\HMW-Alexander\SensorPlatformSDK\Examples\x64\Debug\vc100.pdb'; linking object as if no debug info
     1>Sensor.lib(sensorwidget.obj) : warning LNK4099: PDB 'vc100.pdb' was not found with 'Sensor.lib(sensorwidget.obj)' or at 'C:\PossDemo\GitHub\HMW-Alexander\SensorPlatformSDK\Examples\x64\Debug\vc100.pdb'; linking object as if no debug info
     1>Communicator.lib(communicator.obj) : warning LNK4099: PDB 'vc100.pdb' was not found with 'Communicator.lib(communicator.obj)' or at 'C:\PossDemo\GitHub\HMW-Alexander\SensorPlatformSDK\Examples\x64\Debug\vc100.pdb'; linking object as if no debug info
     1>Communicator.lib(communicatorwidget.obj) : warning LNK4099: PDB 'vc100.pdb' was not found with 'Communicator.lib(communicatorwidget.obj)' or at 'C:\PossDemo\GitHub\HMW-Alexander\SensorPlatformSDK\Examples\x64\Debug\vc100.pdb'; linking object as if no debug info
     1>Communicator.lib(moc_communicator.obj) : warning LNK4099: PDB 'vc100.pdb' was not found with 'Communicator.lib(moc_communicator.obj)' or at 'C:\PossDemo\GitHub\HMW-Alexander\SensorPlatformSDK\Examples\x64\Debug\vc100.pdb'; linking object as if no debug info
     1>Communicator.lib(moc_communicatorwidget.obj) : warning LNK4099: PDB 'vc100.pdb' was not found with 'Communicator.lib(moc_communicatorwidget.obj)' or at 'C:\PossDemo\GitHub\HMW-Alexander\SensorPlatformSDK\Examples\x64\Debug\vc100.pdb'; linking object as if no debug info
     1>Storage.lib(moc_storage.obj) : warning LNK4099: PDB 'vc100.pdb' was not found with 'Storage.lib(moc_storage.obj)' or at 'C:\PossDemo\GitHub\HMW-Alexander\SensorPlatformSDK\Examples\x64\Debug\vc100.pdb'; linking object as if no debug info
     1>Storage.lib(moc_storagewidget.obj) : warning LNK4099: PDB 'vc100.pdb' was not found with 'Storage.lib(moc_storagewidget.obj)' or at 'C:\PossDemo\GitHub\HMW-Alexander\SensorPlatformSDK\Examples\x64\Debug\vc100.pdb'; linking object as if no debug info
     1>Storage.lib(storage.obj) : warning LNK4099: PDB 'vc100.pdb' was not found with 'Storage.lib(storage.obj)' or at 'C:\PossDemo\GitHub\HMW-Alexander\SensorPlatformSDK\Examples\x64\Debug\vc100.pdb'; linking object as if no debug info
     1>Storage.lib(storagewidget.obj) : warning LNK4099: PDB 'vc100.pdb' was not found with 'Storage.lib(storagewidget.obj)' or at 'C:\PossDemo\GitHub\HMW-Alexander\SensorPlatformSDK\Examples\x64\Debug\vc100.pdb'; linking object as if no debug info
     1>NodeBase.lib(moc_nodebase.obj) : warning LNK4099: PDB 'vc100.pdb' was not found with 'NodeBase.lib(moc_nodebase.obj)' or at 'C:\PossDemo\GitHub\HMW-Alexander\SensorPlatformSDK\Examples\x64\Debug\vc100.pdb'; linking object as if no debug info
     1>NodeBase.lib(moc_nodewidgetbase.obj) : warning LNK4099: PDB 'vc100.pdb' was not found with 'NodeBase.lib(moc_nodewidgetbase.obj)' or at 'C:\PossDemo\GitHub\HMW-Alexander\SensorPlatformSDK\Examples\x64\Debug\vc100.pdb'; linking object as if no debug info
     1>NodeBase.lib(nodebase.obj) : warning LNK4099: PDB 'vc100.pdb' was not found with 'NodeBase.lib(nodebase.obj)' or at 'C:\PossDemo\GitHub\HMW-Alexander\SensorPlatformSDK\Examples\x64\Debug\vc100.pdb'; linking object as if no debug info
     1>NodeBase.lib(nodewidgetbase.obj) : warning LNK4099: PDB 'vc100.pdb' was not found with 'NodeBase.lib(nodewidgetbase.obj)' or at 'C:\PossDemo\GitHub\HMW-Alexander\SensorPlatformSDK\Examples\x64\Debug\vc100.pdb'; linking object as if no debug info
         Tsukuba.vcxproj -> C:\PossDemo\GitHub\HMW-Alexander\SensorPlatformSDK\Examples\x64\Debug\Tsukuba.exe
       Manifest:
         C:\Program Files (x86)\Microsoft SDKs\Windows\v7.0A\bin\mt.exe /nologo /verbose /outputresource:"C:\PossDemo\GitHub\HMW-Alexander\SensorPlatformSDK\Examples\x64\Debug\\Tsukuba.exe;#1" /manifest x64\Debug\Tsukuba.exe.intermediate.manifest
       FinalizeBuildStatus:
         Deleting file "x64\Debug\Tsukuba.unsuccessfulbuild".
         Touching "x64\Debug\Tsukuba.lastbuildstate".
     1>Done Building Project "C:\PossDemo\GitHub\HMW-Alexander\SensorPlatformSDK\Examples\Tsukuba\Tsukuba.vcxproj" (rebuild target(s)).

Build succeeded.

Time Elapsed 00:00:04.62
