C:\POSSDEMO\GITHUB\HMW-ALEXANDER\SENSORPLATFORMSDK\EXAMPLES\USBCAMERA\GENERATEDFILES\DEBUG\MOC_USBCAMERA.CPP
C:\POSSDEMO\GITHUB\HMW-ALEXANDER\SENSORPLATFORMSDK\EXAMPLES\USBCAMERA\GENERATEDFILES\QRC_USBCAMERA.CPP
C:\POSSDEMO\GITHUB\HMW-ALEXANDER\SENSORPLATFORMSDK\EXAMPLES\USBCAMERA\GENERATEDFILES\UI_USBCAMERA.H
C:\POSSDEMO\GITHUB\HMW-ALEXANDER\SENSORPLATFORMSDK\EXAMPLES\USBCAMERA\X64\DEBUG\MAIN.OBJ
C:\POSSDEMO\GITHUB\HMW-ALEXANDER\SENSORPLATFORMSDK\EXAMPLES\USBCAMERA\X64\DEBUG\MOC_USBCAMERA.OBJ
C:\POSSDEMO\GITHUB\HMW-ALEXANDER\SENSORPLATFORMSDK\EXAMPLES\USBCAMERA\X64\DEBUG\QRC_USBCAMERA.OBJ
C:\POSSDEMO\GITHUB\HMW-ALEXANDER\SENSORPLATFORMSDK\EXAMPLES\USBCAMERA\X64\DEBUG\USBCAMERA.EXE.INTERMEDIATE.MANIFEST
C:\POSSDEMO\GITHUB\HMW-ALEXANDER\SENSORPLATFORMSDK\EXAMPLES\USBCAMERA\X64\DEBUG\USBCAMERA.OBJ
C:\POSSDEMO\GITHUB\HMW-ALEXANDER\SENSORPLATFORMSDK\EXAMPLES\USBCAMERA\X64\DEBUG\VC100.PDB
C:\POSSDEMO\GITHUB\HMW-ALEXANDER\SENSORPLATFORMSDK\EXAMPLES\X64\DEBUG\USBCAMERA.EXE
C:\POSSDEMO\GITHUB\HMW-ALEXANDER\SENSORPLATFORMSDK\EXAMPLES\X64\DEBUG\USBCAMERA.ILK
C:\POSSDEMO\GITHUB\HMW-ALEXANDER\SENSORPLATFORMSDK\EXAMPLES\X64\DEBUG\USBCAMERA.PDB
D:\WorkStation\Research\GitHub\SensorPlatformSDK\Examples\USBCamera\x64\Debug\cl.command.1.tlog
D:\WorkStation\Research\GitHub\SensorPlatformSDK\Examples\USBCamera\x64\Debug\CL.read.1.tlog
D:\WorkStation\Research\GitHub\SensorPlatformSDK\Examples\USBCamera\x64\Debug\CL.write.1.tlog
D:\WorkStation\Research\GitHub\SensorPlatformSDK\Examples\USBCamera\x64\Debug\custombuild.command.1.tlog
D:\WorkStation\Research\GitHub\SensorPlatformSDK\Examples\USBCamera\x64\Debug\custombuild.read.1.tlog
D:\WorkStation\Research\GitHub\SensorPlatformSDK\Examples\USBCamera\x64\Debug\custombuild.write.1.tlog
D:\WorkStation\Research\GitHub\SensorPlatformSDK\Examples\USBCamera\x64\Debug\link.command.1.tlog
D:\WorkStation\Research\GitHub\SensorPlatformSDK\Examples\USBCamera\x64\Debug\link.read.1.tlog
D:\WorkStation\Research\GitHub\SensorPlatformSDK\Examples\USBCamera\x64\Debug\link.read.2.tlog
D:\WorkStation\Research\GitHub\SensorPlatformSDK\Examples\USBCamera\x64\Debug\link.write.1.tlog
D:\WorkStation\Research\GitHub\SensorPlatformSDK\Examples\USBCamera\x64\Debug\main.obj
D:\WorkStation\Research\GitHub\SensorPlatformSDK\Examples\USBCamera\x64\Debug\moc_usbcamera.obj
D:\WorkStation\Research\GitHub\SensorPlatformSDK\Examples\USBCamera\x64\Debug\mt.command.1.tlog
D:\WorkStation\Research\GitHub\SensorPlatformSDK\Examples\USBCamera\x64\Debug\mt.read.1.tlog
D:\WorkStation\Research\GitHub\SensorPlatformSDK\Examples\USBCamera\x64\Debug\mt.write.1.tlog
D:\WorkStation\Research\GitHub\SensorPlatformSDK\Examples\USBCamera\x64\Debug\qrc_usbcamera.obj
D:\WorkStation\Research\GitHub\SensorPlatformSDK\Examples\USBCamera\x64\Debug\USBCamera.exe.intermediate.manifest
D:\WorkStation\Research\GitHub\SensorPlatformSDK\Examples\USBCamera\x64\Debug\usbcamera.obj
D:\WorkStation\Research\GitHub\SensorPlatformSDK\Examples\USBCamera\x64\Debug\vc100.pdb
D:\WorkStation\Research\GitHub\SensorPlatformSDK\Examples\x64\Debug\USBCamera.exe
D:\WorkStation\Research\GitHub\SensorPlatformSDK\Examples\x64\Debug\USBCamera.ilk
D:\WorkStation\Research\GitHub\SensorPlatformSDK\Examples\x64\Debug\USBCamera.pdb
